Using pre-set license
Built from '2020.2/release' branch; Version is '2020.2.2f1 (068178b99f32) revision 426360'; Using compiler version '192528614'; Build Type 'Release'
OS: 'Windows 10 Pro; OS build 19042.928; Version 2009; 64bit' Language: 'en' Physical Memory: 32666 MB
BatchMode: 1, IsHumanControllingUs: 0, StartBugReporterOnCrash: 0, Is64bit: 1, IsPro: 0

 COMMAND LINE ARGUMENTS:
C:\Software\Creator\UnityHub\2020.2.2f1\Editor\Unity.exe
-adb2
-batchMode
-noUpm
-name
AssetImportWorker0
-projectPath
C:/ProjectWorking/Space-Note/Space-note-project
-logFile
Logs/AssetImportWorker0.log
-srvPort
50725
Successfully changed project path to: C:/ProjectWorking/Space-Note/Space-note-project
C:/ProjectWorking/Space-Note/Space-note-project
Using Asset Import Pipeline V2.
Refreshing native plugins compatible for Editor in 26.07 ms, found 0 plugins.
Preloading 0 native plugins for Editor in 0.00 ms.
Initialize engine version: 2020.2.2f1 (068178b99f32)
[Subsystems] Discovering subsystems at path C:/Software/Creator/UnityHub/2020.2.2f1/Editor/Data/Resources/UnitySubsystems
[Subsystems] Discovering subsystems at path C:/ProjectWorking/Space-Note/Space-note-project/Assets
GfxDevice: creating device client; threaded=0
Direct3D:
    Version:  Direct3D 11.0 [level 11.1]
    Renderer: NVIDIA Quadro RTX 5000 with Max-Q Design (ID=0x1eb5)
    Vendor:   
    VRAM:     16170 MB
    Driver:   27.21.14.6089
Initialize mono
Mono path[0] = 'C:/Software/Creator/UnityHub/2020.2.2f1/Editor/Data/Managed'
Mono path[1] = 'C:/Software/Creator/UnityHub/2020.2.2f1/Editor/Data/MonoBleedingEdge/lib/mono/unityjit'
Mono config path = 'C:/Software/Creator/UnityHub/2020.2.2f1/Editor/Data/MonoBleedingEdge/etc'
Using monoOptions --debugger-agent=transport=dt_socket,embedding=1,server=y,suspend=n,address=127.0.0.1:56568
Begin MonoManager ReloadAssembly
Registering precompiled unity dll's ...
Register platform support module: C:/Software/Creator/UnityHub/2020.2.2f1/Editor/Data/PlaybackEngines/WindowsStandaloneSupport/UnityEditor.WindowsStandalone.Extensions.dll
Registered in 0.002038 seconds.
Native extension for WindowsStandalone target not found
Refreshing native plugins compatible for Editor in 25.26 ms, found 0 plugins.
Preloading 0 native plugins for Editor in 0.00 ms.
Invoked RoslynAnalysisRunner static constructor.
RoslynAnalysisRunner will not be running.
RoslynAnalysisRunner has terminated.
Mono: successfully reloaded assembly
- Completed reload, in  1.882 seconds
Platform modules already initialized, skipping
Registering precompiled user dll's ...
Registered in 0.000776 seconds.
Begin MonoManager ReloadAssembly
Native extension for WindowsStandalone target not found
Refreshing native plugins compatible for Editor in 0.26 ms, found 0 plugins.
Preloading 0 native plugins for Editor in 0.00 ms.
Invoked RoslynAnalysisRunner static constructor.
RoslynAnalysisRunner will not be running.
RoslynAnalysisRunner has terminated.
Mono: successfully reloaded assembly
- Completed reload, in  0.773 seconds
Platform modules already initialized, skipping
========================================================================
Worker process is ready to serve import requests
Launched and connected shader compiler UnityShaderCompiler.exe after 0.04 seconds
Refreshing native plugins compatible for Editor in 0.24 ms, found 0 plugins.
Preloading 0 native plugins for Editor in 0.00 ms.
Unloading 1432 Unused Serialized files (Serialized files now loaded: 0)
System memory in use before: 66.4 MB.
System memory in use after: 66.5 MB.

Unloading 14 unused Assets to reduce memory usage. Loaded Objects now: 1870.
Total: 1.811200 ms (FindLiveObjects: 0.143100 ms CreateObjectMapping: 0.047900 ms MarkObjects: 1.547700 ms  DeleteObjects: 0.071800 ms)

========================================================================
Received Import Request.
  path: Assets/Scenes
  artifactKey: Guid(d53e5d0b9447b83438473b5c20a093d2) Importer(815301076,1909f56bfc062723c751e8b465ee728b)
Start importing Assets/Scenes using Guid(d53e5d0b9447b83438473b5c20a093d2) Importer(815301076,1909f56bfc062723c751e8b465ee728b)  -> (artifact id: '0b2fd773883b870d4d0057cc8a838fb3') in 0.005650 seconds
  Import took 0.008223 seconds .

========================================================================
Received Import Request.
  Time since last request: 4.454587 seconds.
  path: Assets/Scenes/arImage.unity
  artifactKey: Guid(975735ac940627f41b84532c8013a7c8) Importer(815301076,1909f56bfc062723c751e8b465ee728b)
Start importing Assets/Scenes/arImage.unity using Guid(975735ac940627f41b84532c8013a7c8) Importer(815301076,1909f56bfc062723c751e8b465ee728b)  -> (artifact id: '1e976513a9251a09502b5467c52bfda4') in 0.010438 seconds
  Import took 0.012680 seconds .

========================================================================
Received Prepare
Refreshing native plugins compatible for Editor in 1.37 ms, found 0 plugins.
Preloading 0 native plugins for Editor in 0.00 ms.
Unloading 6 Unused Serialized files (Serialized files now loaded: 0)
System memory in use before: 37.9 MB.
System memory in use after: 38.0 MB.

Unloading 6 unused Assets to reduce memory usage. Loaded Objects now: 1870.
Total: 2.253500 ms (FindLiveObjects: 0.118000 ms CreateObjectMapping: 0.038200 ms MarkObjects: 2.054800 ms  DeleteObjects: 0.041900 ms)

========================================================================
Received Import Request.
  Time since last request: 4212.010338 seconds.
  path: Assets/Scenes/arImage.unity
  artifactKey: Guid(975735ac940627f41b84532c8013a7c8) Importer(815301076,1909f56bfc062723c751e8b465ee728b)
Start importing Assets/Scenes/arImage.unity using Guid(975735ac940627f41b84532c8013a7c8) Importer(815301076,1909f56bfc062723c751e8b465ee728b)  -> (artifact id: '63c55eb399fb5c4682d801fb319f18d9') in 0.003934 seconds
  Import took 0.006704 seconds .

========================================================================
Received Import Request.
  Time since last request: 0.002125 seconds.
  path: Assets/Scenes/arImage.unity
  artifactKey: Guid(975735ac940627f41b84532c8013a7c8) Importer(815301076,1909f56bfc062723c751e8b465ee728b)
Start importing Assets/Scenes/arImage.unity using Guid(975735ac940627f41b84532c8013a7c8) Importer(815301076,1909f56bfc062723c751e8b465ee728b)  -> (artifact id: '63c55eb399fb5c4682d801fb319f18d9') in 0.002438 seconds
  Import took 0.005083 seconds .

========================================================================
Received Prepare
Registering precompiled user dll's ...
Registered in 0.000699 seconds.
Begin MonoManager ReloadAssembly
Native extension for WindowsStandalone target not found
Refreshing native plugins compatible for Editor in 0.35 ms, found 0 plugins.
Preloading 0 native plugins for Editor in 0.00 ms.
Invoked RoslynAnalysisRunner static constructor.
RoslynAnalysisRunner will not be running.
RoslynAnalysisRunner has terminated.
Mono: successfully reloaded assembly
- Completed reload, in  0.750 seconds
Platform modules already initialized, skipping
Switching build target platform(5) subTarget(0) extendedPlatform(0) -> platform(13) subTarget(537395200) extendedPlatform(0)
Refreshing native plugins compatible for Editor in 0.25 ms, found 0 plugins.
Preloading 0 native plugins for Editor in 0.00 ms.
Unloading 1426 Unused Serialized files (Serialized files now loaded: 0)
System memory in use before: 66.3 MB.
System memory in use after: 66.4 MB.

Unloading 9 unused Assets to reduce memory usage. Loaded Objects now: 1873.
Total: 1.655800 ms (FindLiveObjects: 0.151500 ms CreateObjectMapping: 0.036500 ms MarkObjects: 1.419600 ms  DeleteObjects: 0.047100 ms)

AssetImportParameters requested are different than current active one (requested -> active):
  custom:graphics/normal-map-encoding: 01000000000000000000000000000000 -> 02000000000000000000000000000000
========================================================================
Received Prepare
Refreshing native plugins compatible for Editor in 1.35 ms, found 0 plugins.
Preloading 0 native plugins for Editor in 0.00 ms.
Unloading 6 Unused Serialized files (Serialized files now loaded: 0)
System memory in use before: 38.1 MB.
System memory in use after: 38.2 MB.

Unloading 6 unused Assets to reduce memory usage. Loaded Objects now: 1873.
Total: 1.803300 ms (FindLiveObjects: 0.199400 ms CreateObjectMapping: 0.068300 ms MarkObjects: 1.484300 ms  DeleteObjects: 0.049900 ms)

========================================================================
Received Prepare
Switching build target platform(13) subTarget(537395200) extendedPlatform(0) -> platform(13) subTarget(524288) extendedPlatform(0)
Refreshing native plugins compatible for Editor in 1.24 ms, found 0 plugins.
Preloading 0 native plugins for Editor in 0.00 ms.
Unloading 6 Unused Serialized files (Serialized files now loaded: 0)
System memory in use before: 38.2 MB.
System memory in use after: 38.3 MB.

Unloading 6 unused Assets to reduce memory usage. Loaded Objects now: 1873.
Total: 1.683800 ms (FindLiveObjects: 0.162400 ms CreateObjectMapping: 0.040500 ms MarkObjects: 1.432400 ms  DeleteObjects: 0.047400 ms)

AssetImportParameters requested are different than current active one (requested -> active):
  buildTarget: platform 13, subtarget 524288, extendedPlatform 0 -> platform 13, subtarget 537395200, extendedPlatform 0
  graphicsApiMask: 2048 -> 2099200
========================================================================
Received Prepare
Refreshing native plugins compatible for Editor in 1.31 ms, found 0 plugins.
Preloading 0 native plugins for Editor in 0.00 ms.
Unloading 6 Unused Serialized files (Serialized files now loaded: 0)
System memory in use before: 38.3 MB.
System memory in use after: 38.4 MB.

Unloading 5 unused Assets to reduce memory usage. Loaded Objects now: 1874.
Total: 2.437200 ms (FindLiveObjects: 0.179600 ms CreateObjectMapping: 0.064800 ms MarkObjects: 2.143400 ms  DeleteObjects: 0.048300 ms)

========================================================================
Received Prepare
Refreshing native plugins compatible for Editor in 3.57 ms, found 0 plugins.
Preloading 0 native plugins for Editor in 0.00 ms.
Unloading 5 Unused Serialized files (Serialized files now loaded: 0)
System memory in use before: 38.4 MB.
System memory in use after: 38.4 MB.

Unloading 5 unused Assets to reduce memory usage. Loaded Objects now: 1874.
Total: 3.512000 ms (FindLiveObjects: 0.245300 ms CreateObjectMapping: 0.056800 ms MarkObjects: 3.022000 ms  DeleteObjects: 0.184400 ms)

========================================================================
Received Prepare
Registering precompiled user dll's ...
Registered in 0.000723 seconds.
Begin MonoManager ReloadAssembly
Native extension for WindowsStandalone target not found
Refreshing native plugins compatible for Editor in 0.25 ms, found 0 plugins.
Preloading 0 native plugins for Editor in 0.00 ms.
Invoked RoslynAnalysisRunner static constructor.
RoslynAnalysisRunner will not be running.
RoslynAnalysisRunner has terminated.
Mono: successfully reloaded assembly
- Completed reload, in  0.762 seconds
Platform modules already initialized, skipping
Switching build target platform(5) subTarget(0) extendedPlatform(0) -> platform(13) subTarget(524288) extendedPlatform(0)
Refreshing native plugins compatible for Editor in 0.27 ms, found 0 plugins.
Preloading 0 native plugins for Editor in 0.00 ms.
Unloading 1425 Unused Serialized files (Serialized files now loaded: 0)
System memory in use before: 66.7 MB.
System memory in use after: 66.8 MB.

Unloading 8 unused Assets to reduce memory usage. Loaded Objects now: 1877.
Total: 1.732900 ms (FindLiveObjects: 0.200500 ms CreateObjectMapping: 0.052200 ms MarkObjects: 1.430200 ms  DeleteObjects: 0.049000 ms)

AssetImportParameters requested are different than current active one (requested -> active):
  custom:graphics/normal-map-encoding: 01000000000000000000000000000000 -> 02000000000000000000000000000000
========================================================================
Received Import Request.
  Time since last request: 2535.843011 seconds.
  path: Assets/script/importScript.cs
  artifactKey: Guid(52603811ae718fa4ab2cbe379bb21892) Importer(815301076,1909f56bfc062723c751e8b465ee728b)
Start importing Assets/script/importScript.cs using Guid(52603811ae718fa4ab2cbe379bb21892) Importer(815301076,1909f56bfc062723c751e8b465ee728b)  -> (artifact id: '1d6059ec9ec755ec21c57ab4a5403a43') in 0.025512 seconds
  Import took 0.027693 seconds .

========================================================================
Received Import Request.
  Time since last request: 48.928045 seconds.
  path: Assets/Scenes/arImage.unity
  artifactKey: Guid(975735ac940627f41b84532c8013a7c8) Importer(815301076,1909f56bfc062723c751e8b465ee728b)
Start importing Assets/Scenes/arImage.unity using Guid(975735ac940627f41b84532c8013a7c8) Importer(815301076,1909f56bfc062723c751e8b465ee728b)  -> (artifact id: '2f73f4bc8001fdd4b9baa381e2a30bc3') in 0.008841 seconds
  Import took 0.011435 seconds .

========================================================================
Received Prepare
Registering precompiled user dll's ...
Registered in 0.000729 seconds.
Begin MonoManager ReloadAssembly
Native extension for WindowsStandalone target not found
Refreshing native plugins compatible for Editor in 0.25 ms, found 0 plugins.
Preloading 0 native plugins for Editor in 0.00 ms.
Invoked RoslynAnalysisRunner static constructor.
RoslynAnalysisRunner will not be running.
RoslynAnalysisRunner has terminated.
Mono: successfully reloaded assembly
- Completed reload, in  0.763 seconds
Platform modules already initialized, skipping
Switching build target platform(5) subTarget(0) extendedPlatform(0) -> platform(13) subTarget(524288) extendedPlatform(0)
Refreshing native plugins compatible for Editor in 0.25 ms, found 0 plugins.
Preloading 0 native plugins for Editor in 0.00 ms.
Unloading 1425 Unused Serialized files (Serialized files now loaded: 0)
System memory in use before: 66.8 MB.
System memory in use after: 66.9 MB.

Unloading 8 unused Assets to reduce memory usage. Loaded Objects now: 1880.
Total: 1.870100 ms (FindLiveObjects: 0.314800 ms CreateObjectMapping: 0.061200 ms MarkObjects: 1.449700 ms  DeleteObjects: 0.043000 ms)

AssetImportParameters requested are different than current active one (requested -> active):
  custom:graphics/normal-map-encoding: 01000000000000000000000000000000 -> 02000000000000000000000000000000
========================================================================
Received Import Request.
  Time since last request: 26.165312 seconds.
  path: Assets/Scenes/New Scene.unity
  artifactKey: Guid(40101fbbbc1469e44bdb81c29a9f234c) Importer(815301076,1909f56bfc062723c751e8b465ee728b)
Start importing Assets/Scenes/New Scene.unity using Guid(40101fbbbc1469e44bdb81c29a9f234c) Importer(815301076,1909f56bfc062723c751e8b465ee728b)  -> (artifact id: '3368a8fd38bda819836a1a21888adf2e') in 0.011145 seconds
  Import took 0.013397 seconds .

========================================================================
Received Import Request.
  Time since last request: 11.813049 seconds.
  path: Assets/Scenes/arImages.unity
  artifactKey: Guid(40101fbbbc1469e44bdb81c29a9f234c) Importer(815301076,1909f56bfc062723c751e8b465ee728b)
Start importing Assets/Scenes/arImages.unity using Guid(40101fbbbc1469e44bdb81c29a9f234c) Importer(815301076,1909f56bfc062723c751e8b465ee728b)  -> (artifact id: '10ea8a51fe8011054d10362af873af8a') in 0.003820 seconds
  Import took 0.005872 seconds .

========================================================================
Received Import Request.
  Time since last request: 4.901629 seconds.
  path: Assets/Scenes/arImage.unity
  artifactKey: Guid(975735ac940627f41b84532c8013a7c8) Importer(815301076,1909f56bfc062723c751e8b465ee728b)
Start importing Assets/Scenes/arImage.unity using Guid(975735ac940627f41b84532c8013a7c8) Importer(815301076,1909f56bfc062723c751e8b465ee728b)  -> (artifact id: '67ee8c36e48c1d962b1429d880d17a6f') in 0.003844 seconds
  Import took 0.006048 seconds .

========================================================================
Received Prepare
Registering precompiled user dll's ...
Registered in 0.000681 seconds.
Begin MonoManager ReloadAssembly
Native extension for WindowsStandalone target not found
Refreshing native plugins compatible for Editor in 0.31 ms, found 0 plugins.
Preloading 0 native plugins for Editor in 0.00 ms.
Invoked RoslynAnalysisRunner static constructor.
RoslynAnalysisRunner will not be running.
RoslynAnalysisRunner has terminated.
Mono: successfully reloaded assembly
- Completed reload, in  0.779 seconds
Platform modules already initialized, skipping
Switching build target platform(5) subTarget(0) extendedPlatform(0) -> platform(13) subTarget(524288) extendedPlatform(0)
Refreshing native plugins compatible for Editor in 0.30 ms, found 0 plugins.
Preloading 0 native plugins for Editor in 0.00 ms.
Unloading 1425 Unused Serialized files (Serialized files now loaded: 0)
System memory in use before: 66.9 MB.
System memory in use after: 67.0 MB.

Unloading 9 unused Assets to reduce memory usage. Loaded Objects now: 1882.
Total: 1.618000 ms (FindLiveObjects: 0.180900 ms CreateObjectMapping: 0.036000 ms MarkObjects: 1.302300 ms  DeleteObjects: 0.097900 ms)

AssetImportParameters requested are different than current active one (requested -> active):
  custom:graphics/normal-map-encoding: 01000000000000000000000000000000 -> 02000000000000000000000000000000
========================================================================
Received Prepare
Registering precompiled user dll's ...
Registered in 0.000914 seconds.
Begin MonoManager ReloadAssembly
Native extension for WindowsStandalone target not found
Refreshing native plugins compatible for Editor in 0.25 ms, found 0 plugins.
Preloading 0 native plugins for Editor in 0.00 ms.
Invoked RoslynAnalysisRunner static constructor.
RoslynAnalysisRunner will not be running.
RoslynAnalysisRunner has terminated.
Mono: successfully reloaded assembly
- Completed reload, in  0.769 seconds
Platform modules already initialized, skipping
Switching build target platform(5) subTarget(0) extendedPlatform(0) -> platform(13) subTarget(524288) extendedPlatform(0)
Refreshing native plugins compatible for Editor in 0.24 ms, found 0 plugins.
Preloading 0 native plugins for Editor in 0.00 ms.
Unloading 1426 Unused Serialized files (Serialized files now loaded: 0)
System memory in use before: 67.0 MB.
System memory in use after: 67.1 MB.

Unloading 9 unused Assets to reduce memory usage. Loaded Objects now: 1885.
Total: 1.711700 ms (FindLiveObjects: 0.148600 ms CreateObjectMapping: 0.035500 ms MarkObjects: 1.481100 ms  DeleteObjects: 0.045600 ms)

AssetImportParameters requested are different than current active one (requested -> active):
  custom:graphics/normal-map-encoding: 01000000000000000000000000000000 -> 02000000000000000000000000000000
========================================================================
Received Prepare
Registering precompiled user dll's ...
Registered in 0.000709 seconds.
Begin MonoManager ReloadAssembly
Native extension for WindowsStandalone target not found
Refreshing native plugins compatible for Editor in 0.26 ms, found 0 plugins.
Preloading 0 native plugins for Editor in 0.00 ms.
Invoked RoslynAnalysisRunner static constructor.
RoslynAnalysisRunner will not be running.
RoslynAnalysisRunner has terminated.
Mono: successfully reloaded assembly
- Completed reload, in  0.768 seconds
Platform modules already initialized, skipping
Switching build target platform(5) subTarget(0) extendedPlatform(0) -> platform(13) subTarget(524288) extendedPlatform(0)
Refreshing native plugins compatible for Editor in 0.28 ms, found 0 plugins.
Preloading 0 native plugins for Editor in 0.00 ms.
Unloading 1426 Unused Serialized files (Serialized files now loaded: 0)
System memory in use before: 67.1 MB.
System memory in use after: 67.1 MB.

Unloading 9 unused Assets to reduce memory usage. Loaded Objects now: 1888.
Total: 2.130100 ms (FindLiveObjects: 0.448000 ms CreateObjectMapping: 0.085800 ms MarkObjects: 1.546900 ms  DeleteObjects: 0.047600 ms)

AssetImportParameters requested are different than current active one (requested -> active):
  custom:graphics/normal-map-encoding: 01000000000000000000000000000000 -> 02000000000000000000000000000000
========================================================================
Received Prepare
Registering precompiled user dll's ...
Registered in 0.000723 seconds.
Begin MonoManager ReloadAssembly
Native extension for WindowsStandalone target not found
Refreshing native plugins compatible for Editor in 0.25 ms, found 0 plugins.
Preloading 0 native plugins for Editor in 0.00 ms.
Invoked RoslynAnalysisRunner static constructor.
RoslynAnalysisRunner will not be running.
RoslynAnalysisRunner has terminated.
Mono: successfully reloaded assembly
- Completed reload, in  0.836 seconds
Platform modules already initialized, skipping
Switching build target platform(5) subTarget(0) extendedPlatform(0) -> platform(13) subTarget(524288) extendedPlatform(0)
Refreshing native plugins compatible for Editor in 0.25 ms, found 0 plugins.
Preloading 0 native plugins for Editor in 0.00 ms.
Unloading 1426 Unused Serialized files (Serialized files now loaded: 0)
System memory in use before: 67.1 MB.
System memory in use after: 67.2 MB.

Unloading 9 unused Assets to reduce memory usage. Loaded Objects now: 1891.
Total: 1.767200 ms (FindLiveObjects: 0.156000 ms CreateObjectMapping: 0.051500 ms MarkObjects: 1.502800 ms  DeleteObjects: 0.055800 ms)

AssetImportParameters requested are different than current active one (requested -> active):
  custom:graphics/normal-map-encoding: 01000000000000000000000000000000 -> 02000000000000000000000000000000
========================================================================
Received Prepare
Registering precompiled user dll's ...
Registered in 0.000742 seconds.
Begin MonoManager ReloadAssembly
Native extension for WindowsStandalone target not found
Refreshing native plugins compatible for Editor in 0.25 ms, found 0 plugins.
Preloading 0 native plugins for Editor in 0.00 ms.
Invoked RoslynAnalysisRunner static constructor.
RoslynAnalysisRunner will not be running.
RoslynAnalysisRunner has terminated.
Mono: successfully reloaded assembly
- Completed reload, in  0.795 seconds
Platform modules already initialized, skipping
Switching build target platform(5) subTarget(0) extendedPlatform(0) -> platform(13) subTarget(524288) extendedPlatform(0)
Refreshing native plugins compatible for Editor in 0.25 ms, found 0 plugins.
Preloading 0 native plugins for Editor in 0.00 ms.
Unloading 1426 Unused Serialized files (Serialized files now loaded: 0)
System memory in use before: 67.2 MB.
System memory in use after: 67.2 MB.

Unloading 9 unused Assets to reduce memory usage. Loaded Objects now: 1894.
Total: 1.865400 ms (FindLiveObjects: 0.132500 ms CreateObjectMapping: 0.042300 ms MarkObjects: 1.645700 ms  DeleteObjects: 0.044200 ms)

AssetImportParameters requested are different than current active one (requested -> active):
  custom:graphics/normal-map-encoding: 01000000000000000000000000000000 -> 02000000000000000000000000000000
========================================================================
Received Prepare
Registering precompiled user dll's ...
Registered in 0.000699 seconds.
Begin MonoManager ReloadAssembly
Native extension for WindowsStandalone target not found
Refreshing native plugins compatible for Editor in 0.25 ms, found 0 plugins.
Preloading 0 native plugins for Editor in 0.00 ms.
Invoked RoslynAnalysisRunner static constructor.
RoslynAnalysisRunner will not be running.
RoslynAnalysisRunner has terminated.
Mono: successfully reloaded assembly
- Completed reload, in  0.780 seconds
Platform modules already initialized, skipping
Switching build target platform(5) subTarget(0) extendedPlatform(0) -> platform(13) subTarget(524288) extendedPlatform(0)
Refreshing native plugins compatible for Editor in 0.48 ms, found 0 plugins.
Preloading 0 native plugins for Editor in 0.00 ms.
Unloading 1426 Unused Serialized files (Serialized files now loaded: 0)
System memory in use before: 67.2 MB.
System memory in use after: 67.3 MB.

Unloading 9 unused Assets to reduce memory usage. Loaded Objects now: 1897.
Total: 3.015700 ms (FindLiveObjects: 0.298600 ms CreateObjectMapping: 0.104900 ms MarkObjects: 2.524400 ms  DeleteObjects: 0.085400 ms)

AssetImportParameters requested are different than current active one (requested -> active):
  custom:graphics/normal-map-encoding: 01000000000000000000000000000000 -> 02000000000000000000000000000000
========================================================================
Received Import Request.
  Time since last request: 1305.730041 seconds.
  path: Assets/Scenes/SampleScene.unity
  artifactKey: Guid(9fc0d4010bbf28b4594072e72b8655ab) Importer(815301076,1909f56bfc062723c751e8b465ee728b)
Start importing Assets/Scenes/SampleScene.unity using Guid(9fc0d4010bbf28b4594072e72b8655ab) Importer(815301076,1909f56bfc062723c751e8b465ee728b)  -> (artifact id: '2edfaf653da69051347d0b48a8f3a91a') in 0.030138 seconds
  Import took 0.034724 seconds .

========================================================================
Received Import Request.
  Time since last request: 11.585596 seconds.
  path: Assets/Scenes/importImages.unity
  artifactKey: Guid(e71beca81e356fd45a7bd3081eb95b35) Importer(815301076,1909f56bfc062723c751e8b465ee728b)
Start importing Assets/Scenes/importImages.unity using Guid(e71beca81e356fd45a7bd3081eb95b35) Importer(815301076,1909f56bfc062723c751e8b465ee728b)  -> (artifact id: 'ebc30b863fbe0fa27b83e6857e2c53da') in 0.003822 seconds
  Import took 0.006017 seconds .

========================================================================
Received Import Request.
  Time since last request: 0.001036 seconds.
  path: Assets/Scenes/importImages.unity
  artifactKey: Guid(e71beca81e356fd45a7bd3081eb95b35) Importer(815301076,1909f56bfc062723c751e8b465ee728b)
Start importing Assets/Scenes/importImages.unity using Guid(e71beca81e356fd45a7bd3081eb95b35) Importer(815301076,1909f56bfc062723c751e8b465ee728b)  -> (artifact id: 'ebc30b863fbe0fa27b83e6857e2c53da') in 0.003811 seconds
  Import took 0.006349 seconds .

========================================================================
Received Import Request.
  Time since last request: 10.468222 seconds.
  path: Assets/XR/Loaders/AR Core Loader.asset
  artifactKey: Guid(e99d44166d8d07747b3cdce4422b9e3b) Importer(815301076,1909f56bfc062723c751e8b465ee728b)
Start importing Assets/XR/Loaders/AR Core Loader.asset using Guid(e99d44166d8d07747b3cdce4422b9e3b) Importer(815301076,1909f56bfc062723c751e8b465ee728b)  -> (artifact id: 'bf00f8afb2d9248293f4780d89a714f6') in 0.010770 seconds
  Import took 0.013582 seconds .

========================================================================
Received Prepare
Registering precompiled user dll's ...
Registered in 0.001365 seconds.
Begin MonoManager ReloadAssembly
Native extension for WindowsStandalone target not found
Refreshing native plugins compatible for Editor in 0.30 ms, found 0 plugins.
Preloading 0 native plugins for Editor in 0.00 ms.
Invoked RoslynAnalysisRunner static constructor.
RoslynAnalysisRunner will not be running.
RoslynAnalysisRunner has terminated.
Mono: successfully reloaded assembly
- Completed reload, in  0.813 seconds
Platform modules already initialized, skipping
Switching build target platform(5) subTarget(0) extendedPlatform(0) -> platform(13) subTarget(524288) extendedPlatform(0)
Refreshing native plugins compatible for Editor in 0.24 ms, found 0 plugins.
Preloading 0 native plugins for Editor in 0.00 ms.
Unloading 1426 Unused Serialized files (Serialized files now loaded: 0)
System memory in use before: 67.3 MB.
System memory in use after: 67.4 MB.

Unloading 9 unused Assets to reduce memory usage. Loaded Objects now: 1900.
Total: 1.994800 ms (FindLiveObjects: 0.227800 ms CreateObjectMapping: 0.072100 ms MarkObjects: 1.646200 ms  DeleteObjects: 0.047800 ms)

AssetImportParameters requested are different than current active one (requested -> active):
  custom:graphics/normal-map-encoding: 01000000000000000000000000000000 -> 02000000000000000000000000000000
========================================================================
Received Prepare
Registering precompiled user dll's ...
Registered in 0.000696 seconds.
Begin MonoManager ReloadAssembly
Native extension for WindowsStandalone target not found
Refreshing native plugins compatible for Editor in 0.26 ms, found 0 plugins.
Preloading 0 native plugins for Editor in 0.00 ms.
Invoked RoslynAnalysisRunner static constructor.
RoslynAnalysisRunner will not be running.
RoslynAnalysisRunner has terminated.
Mono: successfully reloaded assembly
- Completed reload, in  0.840 seconds
Platform modules already initialized, skipping
Switching build target platform(5) subTarget(0) extendedPlatform(0) -> platform(13) subTarget(524288) extendedPlatform(0)
Refreshing native plugins compatible for Editor in 0.24 ms, found 0 plugins.
Preloading 0 native plugins for Editor in 0.00 ms.
Unloading 1426 Unused Serialized files (Serialized files now loaded: 0)
System memory in use before: 67.3 MB.
System memory in use after: 67.4 MB.

Unloading 9 unused Assets to reduce memory usage. Loaded Objects now: 1903.
Total: 1.901700 ms (FindLiveObjects: 0.198500 ms CreateObjectMapping: 0.061000 ms MarkObjects: 1.591200 ms  DeleteObjects: 0.049800 ms)

AssetImportParameters requested are different than current active one (requested -> active):
  custom:graphics/normal-map-encoding: 01000000000000000000000000000000 -> 02000000000000000000000000000000
========================================================================
Received Import Request.
  Time since last request: 5430.211900 seconds.
  path: Assets/script/WeChat Image_20210410090021.png
  artifactKey: Guid(d8ed2623fe3a1ed4098b17b7a5e1cb7a) Importer(815301076,1909f56bfc062723c751e8b465ee728b)
Start importing Assets/script/WeChat Image_20210410090021.png using Guid(d8ed2623fe3a1ed4098b17b7a5e1cb7a) Importer(815301076,1909f56bfc062723c751e8b465ee728b)  -> (artifact id: 'd3d204bb5a0dfbf6e4a5e719c3a2a2ba') in 0.083609 seconds
  Import took 0.085818 seconds .

========================================================================
Received Prepare
Registering precompiled user dll's ...
Registered in 0.000798 seconds.
Begin MonoManager ReloadAssembly
Native extension for WindowsStandalone target not found
Refreshing native plugins compatible for Editor in 0.25 ms, found 0 plugins.
Preloading 0 native plugins for Editor in 0.00 ms.
Invoked RoslynAnalysisRunner static constructor.
RoslynAnalysisRunner will not be running.
RoslynAnalysisRunner has terminated.
Mono: successfully reloaded assembly
- Completed reload, in  0.811 seconds
Platform modules already initialized, skipping
Switching build target platform(5) subTarget(0) extendedPlatform(0) -> platform(13) subTarget(524288) extendedPlatform(0)
Refreshing native plugins compatible for Editor in 0.25 ms, found 0 plugins.
Preloading 0 native plugins for Editor in 0.00 ms.
Unloading 1426 Unused Serialized files (Serialized files now loaded: 0)
System memory in use before: 67.4 MB.
System memory in use after: 67.5 MB.

Unloading 9 unused Assets to reduce memory usage. Loaded Objects now: 1908.
Total: 4.652800 ms (FindLiveObjects: 0.378400 ms CreateObjectMapping: 0.143500 ms MarkObjects: 3.991300 ms  DeleteObjects: 0.136800 ms)

AssetImportParameters requested are different than current active one (requested -> active):
  custom:graphics/normal-map-encoding: 01000000000000000000000000000000 -> 02000000000000000000000000000000
========================================================================
Received Prepare
Registering precompiled user dll's ...
Registered in 0.000670 seconds.
Begin MonoManager ReloadAssembly
Native extension for WindowsStandalone target not found
Refreshing native plugins compatible for Editor in 0.26 ms, found 0 plugins.
Preloading 0 native plugins for Editor in 0.00 ms.
Invoked RoslynAnalysisRunner static constructor.
RoslynAnalysisRunner will not be running.
RoslynAnalysisRunner has terminated.
Mono: successfully reloaded assembly
- Completed reload, in  0.989 seconds
Platform modules already initialized, skipping
Switching build target platform(5) subTarget(0) extendedPlatform(0) -> platform(13) subTarget(524288) extendedPlatform(0)
Refreshing native plugins compatible for Editor in 0.25 ms, found 0 plugins.
Preloading 0 native plugins for Editor in 0.00 ms.
Unloading 1426 Unused Serialized files (Serialized files now loaded: 0)
System memory in use before: 67.5 MB.
System memory in use after: 67.5 MB.

Unloading 9 unused Assets to reduce memory usage. Loaded Objects now: 1911.
Total: 1.797100 ms (FindLiveObjects: 0.191200 ms CreateObjectMapping: 0.048100 ms MarkObjects: 1.509000 ms  DeleteObjects: 0.047800 ms)

AssetImportParameters requested are different than current active one (requested -> active):
  custom:graphics/normal-map-encoding: 01000000000000000000000000000000 -> 02000000000000000000000000000000
========================================================================
Received Prepare
Registering precompiled user dll's ...
Registered in 0.001181 seconds.
Begin MonoManager ReloadAssembly
Native extension for WindowsStandalone target not found
Refreshing native plugins compatible for Editor in 0.26 ms, found 0 plugins.
Preloading 0 native plugins for Editor in 0.00 ms.
Invoked RoslynAnalysisRunner static constructor.
RoslynAnalysisRunner will not be running.
RoslynAnalysisRunner has terminated.
Mono: successfully reloaded assembly
- Completed reload, in  0.847 seconds
Platform modules already initialized, skipping
Switching build target platform(5) subTarget(0) extendedPlatform(0) -> platform(13) subTarget(524288) extendedPlatform(0)
Refreshing native plugins compatible for Editor in 0.25 ms, found 0 plugins.
Preloading 0 native plugins for Editor in 0.00 ms.
Unloading 1426 Unused Serialized files (Serialized files now loaded: 0)
System memory in use before: 67.5 MB.
System memory in use after: 67.6 MB.

Unloading 9 unused Assets to reduce memory usage. Loaded Objects now: 1914.
Total: 2.356900 ms (FindLiveObjects: 0.215900 ms CreateObjectMapping: 0.071800 ms MarkObjects: 1.992600 ms  DeleteObjects: 0.074500 ms)

AssetImportParameters requested are different than current active one (requested -> active):
  custom:graphics/normal-map-encoding: 01000000000000000000000000000000 -> 02000000000000000000000000000000
========================================================================
Received Import Request.
  Time since last request: 134.116766 seconds.
  path: Assets/script/import.mat
  artifactKey: Guid(f45435979b0827b42a7d57e2aa2e7266) Importer(815301076,1909f56bfc062723c751e8b465ee728b)
Start importing Assets/script/import.mat using Guid(f45435979b0827b42a7d57e2aa2e7266) Importer(815301076,1909f56bfc062723c751e8b465ee728b)  -> (artifact id: '7e296839fa379a74ebf599e2de018edc') in 0.240630 seconds
  Import took 0.242884 seconds .

========================================================================
Received Prepare
Registering precompiled user dll's ...
Registered in 0.000698 seconds.
Begin MonoManager ReloadAssembly
Native extension for WindowsStandalone target not found
Refreshing native plugins compatible for Editor in 0.25 ms, found 0 plugins.
Preloading 0 native plugins for Editor in 0.00 ms.
Invoked RoslynAnalysisRunner static constructor.
RoslynAnalysisRunner will not be running.
RoslynAnalysisRunner has terminated.
Mono: successfully reloaded assembly
- Completed reload, in  0.868 seconds
Platform modules already initialized, skipping
Switching build target platform(5) subTarget(0) extendedPlatform(0) -> platform(13) subTarget(524288) extendedPlatform(0)
Refreshing native plugins compatible for Editor in 0.40 ms, found 0 plugins.
Preloading 0 native plugins for Editor in 0.00 ms.
Unloading 1426 Unused Serialized files (Serialized files now loaded: 0)
System memory in use before: 70.9 MB.
System memory in use after: 71.0 MB.

Unloading 9 unused Assets to reduce memory usage. Loaded Objects now: 1956.
Total: 2.194700 ms (FindLiveObjects: 0.258400 ms CreateObjectMapping: 0.056500 ms MarkObjects: 1.777700 ms  DeleteObjects: 0.101400 ms)

AssetImportParameters requested are different than current active one (requested -> active):
  custom:graphics/normal-map-encoding: 01000000000000000000000000000000 -> 02000000000000000000000000000000
========================================================================
Received Prepare
Registering precompiled user dll's ...
Registered in 0.000752 seconds.
Begin MonoManager ReloadAssembly
Native extension for WindowsStandalone target not found
Refreshing native plugins compatible for Editor in 0.26 ms, found 0 plugins.
Preloading 0 native plugins for Editor in 0.00 ms.
Invoked RoslynAnalysisRunner static constructor.
RoslynAnalysisRunner will not be running.
RoslynAnalysisRunner has terminated.
Mono: successfully reloaded assembly
- Completed reload, in  0.833 seconds
Platform modules already initialized, skipping
Switching build target platform(5) subTarget(0) extendedPlatform(0) -> platform(13) subTarget(524288) extendedPlatform(0)
Refreshing native plugins compatible for Editor in 0.24 ms, found 0 plugins.
Preloading 0 native plugins for Editor in 0.00 ms.
Unloading 1426 Unused Serialized files (Serialized files now loaded: 0)
System memory in use before: 71.0 MB.
System memory in use after: 71.0 MB.

Unloading 9 unused Assets to reduce memory usage. Loaded Objects now: 1959.
Total: 2.099800 ms (FindLiveObjects: 0.411700 ms CreateObjectMapping: 0.121000 ms MarkObjects: 1.494300 ms  DeleteObjects: 0.071900 ms)

AssetImportParameters requested are different than current active one (requested -> active):
  custom:graphics/normal-map-encoding: 01000000000000000000000000000000 -> 02000000000000000000000000000000
========================================================================
Received Prepare
Registering precompiled user dll's ...
Registered in 0.000645 seconds.
Begin MonoManager ReloadAssembly
Native extension for WindowsStandalone target not found
Refreshing native plugins compatible for Editor in 0.32 ms, found 0 plugins.
Preloading 0 native plugins for Editor in 0.00 ms.
Invoked RoslynAnalysisRunner static constructor.
RoslynAnalysisRunner will not be running.
RoslynAnalysisRunner has terminated.
Mono: successfully reloaded assembly
- Completed reload, in  0.863 seconds
Platform modules already initialized, skipping
Switching build target platform(5) subTarget(0) extendedPlatform(0) -> platform(13) subTarget(524288) extendedPlatform(0)
Refreshing native plugins compatible for Editor in 0.24 ms, found 0 plugins.
Preloading 0 native plugins for Editor in 0.00 ms.
Unloading 1426 Unused Serialized files (Serialized files now loaded: 0)
System memory in use before: 71.0 MB.
System memory in use after: 71.1 MB.

Unloading 9 unused Assets to reduce memory usage. Loaded Objects now: 1962.
Total: 1.898700 ms (FindLiveObjects: 0.209100 ms CreateObjectMapping: 0.064000 ms MarkObjects: 1.572200 ms  DeleteObjects: 0.052300 ms)

AssetImportParameters requested are different than current active one (requested -> active):
  custom:graphics/normal-map-encoding: 01000000000000000000000000000000 -> 02000000000000000000000000000000
========================================================================
Received Prepare
Registering precompiled user dll's ...
Registered in 0.000819 seconds.
Begin MonoManager ReloadAssembly
Native extension for WindowsStandalone target not found
Refreshing native plugins compatible for Editor in 0.25 ms, found 0 plugins.
Preloading 0 native plugins for Editor in 0.00 ms.
Invoked RoslynAnalysisRunner static constructor.
RoslynAnalysisRunner will not be running.
RoslynAnalysisRunner has terminated.
Mono: successfully reloaded assembly
- Completed reload, in  0.997 seconds
Platform modules already initialized, skipping
Switching build target platform(5) subTarget(0) extendedPlatform(0) -> platform(13) subTarget(524288) extendedPlatform(0)
Refreshing native plugins compatible for Editor in 0.36 ms, found 0 plugins.
Preloading 0 native plugins for Editor in 0.00 ms.
Unloading 1426 Unused Serialized files (Serialized files now loaded: 0)
System memory in use before: 71.1 MB.
System memory in use after: 71.2 MB.

Unloading 9 unused Assets to reduce memory usage. Loaded Objects now: 1965.
Total: 1.672100 ms (FindLiveObjects: 0.151000 ms CreateObjectMapping: 0.045600 ms MarkObjects: 1.418500 ms  DeleteObjects: 0.056100 ms)

AssetImportParameters requested are different than current active one (requested -> active):
  custom:graphics/normal-map-encoding: 01000000000000000000000000000000 -> 02000000000000000000000000000000
========================================================================
Received Prepare
Registering precompiled user dll's ...
Registered in 0.000748 seconds.
Begin MonoManager ReloadAssembly
Native extension for WindowsStandalone target not found
Refreshing native plugins compatible for Editor in 0.25 ms, found 0 plugins.
Preloading 0 native plugins for Editor in 0.00 ms.
Invoked RoslynAnalysisRunner static constructor.
RoslynAnalysisRunner will not be running.
RoslynAnalysisRunner has terminated.
Mono: successfully reloaded assembly
- Completed reload, in  0.893 seconds
Platform modules already initialized, skipping
Switching build target platform(5) subTarget(0) extendedPlatform(0) -> platform(13) subTarget(524288) extendedPlatform(0)
Refreshing native plugins compatible for Editor in 0.24 ms, found 0 plugins.
Preloading 0 native plugins for Editor in 0.00 ms.
Unloading 1426 Unused Serialized files (Serialized files now loaded: 0)
System memory in use before: 71.2 MB.
System memory in use after: 71.2 MB.

Unloading 9 unused Assets to reduce memory usage. Loaded Objects now: 1968.
Total: 1.965800 ms (FindLiveObjects: 0.165600 ms CreateObjectMapping: 0.041700 ms MarkObjects: 1.706800 ms  DeleteObjects: 0.050600 ms)

AssetImportParameters requested are different than current active one (requested -> active):
  custom:graphics/normal-map-encoding: 01000000000000000000000000000000 -> 02000000000000000000000000000000
========================================================================
Received Prepare
Registering precompiled user dll's ...
Registered in 0.000688 seconds.
Begin MonoManager ReloadAssembly
Native extension for WindowsStandalone target not found
Refreshing native plugins compatible for Editor in 0.25 ms, found 0 plugins.
Preloading 0 native plugins for Editor in 0.00 ms.
Invoked RoslynAnalysisRunner static constructor.
RoslynAnalysisRunner will not be running.
RoslynAnalysisRunner has terminated.
Mono: successfully reloaded assembly
- Completed reload, in  0.951 seconds
Platform modules already initialized, skipping
Switching build target platform(5) subTarget(0) extendedPlatform(0) -> platform(13) subTarget(524288) extendedPlatform(0)
Refreshing native plugins compatible for Editor in 0.26 ms, found 0 plugins.
Preloading 0 native plugins for Editor in 0.00 ms.
Unloading 1426 Unused Serialized files (Serialized files now loaded: 0)
System memory in use before: 71.2 MB.
System memory in use after: 71.3 MB.

Unloading 9 unused Assets to reduce memory usage. Loaded Objects now: 1971.
Total: 1.727000 ms (FindLiveObjects: 0.179100 ms CreateObjectMapping: 0.061300 ms MarkObjects: 1.431000 ms  DeleteObjects: 0.054600 ms)

AssetImportParameters requested are different than current active one (requested -> active):
  custom:graphics/normal-map-encoding: 01000000000000000000000000000000 -> 02000000000000000000000000000000
========================================================================
Received Prepare
Registering precompiled user dll's ...
Registered in 0.000707 seconds.
Begin MonoManager ReloadAssembly
Native extension for WindowsStandalone target not found
Refreshing native plugins compatible for Editor in 0.26 ms, found 0 plugins.
Preloading 0 native plugins for Editor in 0.00 ms.
Invoked RoslynAnalysisRunner static constructor.
RoslynAnalysisRunner will not be running.
RoslynAnalysisRunner has terminated.
Mono: successfully reloaded assembly
- Completed reload, in  0.936 seconds
Platform modules already initialized, skipping
Switching build target platform(5) subTarget(0) extendedPlatform(0) -> platform(13) subTarget(524288) extendedPlatform(0)
Refreshing native plugins compatible for Editor in 0.35 ms, found 0 plugins.
Preloading 0 native plugins for Editor in 0.00 ms.
Unloading 1426 Unused Serialized files (Serialized files now loaded: 0)
System memory in use before: 71.3 MB.
System memory in use after: 71.3 MB.

Unloading 9 unused Assets to reduce memory usage. Loaded Objects now: 1974.
Total: 1.648700 ms (FindLiveObjects: 0.153700 ms CreateObjectMapping: 0.049500 ms MarkObjects: 1.389800 ms  DeleteObjects: 0.054800 ms)

AssetImportParameters requested are different than current active one (requested -> active):
  custom:graphics/normal-map-encoding: 01000000000000000000000000000000 -> 02000000000000000000000000000000
========================================================================
Received Prepare
Refreshing native plugins compatible for Editor in 1.24 ms, found 0 plugins.
Preloading 0 native plugins for Editor in 0.00 ms.
Unloading 6 Unused Serialized files (Serialized files now loaded: 0)
System memory in use before: 43.1 MB.
System memory in use after: 43.2 MB.

Unloading 5 unused Assets to reduce memory usage. Loaded Objects now: 1975.
Total: 1.712400 ms (FindLiveObjects: 0.188800 ms CreateObjectMapping: 0.045700 ms MarkObjects: 1.435800 ms  DeleteObjects: 0.041500 ms)

========================================================================
Received Prepare
Registering precompiled user dll's ...
Registered in 0.000711 seconds.
Begin MonoManager ReloadAssembly
Native extension for WindowsStandalone target not found
Refreshing native plugins compatible for Editor in 0.25 ms, found 0 plugins.
Preloading 0 native plugins for Editor in 0.00 ms.
Invoked RoslynAnalysisRunner static constructor.
RoslynAnalysisRunner will not be running.
RoslynAnalysisRunner has terminated.
Mono: successfully reloaded assembly
- Completed reload, in  0.877 seconds
Platform modules already initialized, skipping
Switching build target platform(5) subTarget(0) extendedPlatform(0) -> platform(13) subTarget(524288) extendedPlatform(0)
Refreshing native plugins compatible for Editor in 0.29 ms, found 0 plugins.
Preloading 0 native plugins for Editor in 0.00 ms.
Unloading 1425 Unused Serialized files (Serialized files now loaded: 0)
System memory in use before: 71.4 MB.
System memory in use after: 71.4 MB.

Unloading 9 unused Assets to reduce memory usage. Loaded Objects now: 1977.
Total: 2.055300 ms (FindLiveObjects: 0.227500 ms CreateObjectMapping: 0.079800 ms MarkObjects: 1.683200 ms  DeleteObjects: 0.063600 ms)

AssetImportParameters requested are different than current active one (requested -> active):
  custom:graphics/normal-map-encoding: 01000000000000000000000000000000 -> 02000000000000000000000000000000
========================================================================
Received Prepare
Refreshing native plugins compatible for Editor in 1.43 ms, found 0 plugins.
Preloading 0 native plugins for Editor in 0.00 ms.
Unloading 6 Unused Serialized files (Serialized files now loaded: 0)
System memory in use before: 43.2 MB.
System memory in use after: 43.3 MB.

Unloading 5 unused Assets to reduce memory usage. Loaded Objects now: 1978.
Total: 1.682800 ms (FindLiveObjects: 0.173400 ms CreateObjectMapping: 0.052200 ms MarkObjects: 1.406800 ms  DeleteObjects: 0.049500 ms)

========================================================================
Received Prepare
Refreshing native plugins compatible for Editor in 1.72 ms, found 0 plugins.
Preloading 0 native plugins for Editor in 0.00 ms.
Unloading 5 Unused Serialized files (Serialized files now loaded: 0)
System memory in use before: 43.2 MB.
System memory in use after: 43.3 MB.

Unloading 5 unused Assets to reduce memory usage. Loaded Objects now: 1978.
Total: 2.417000 ms (FindLiveObjects: 0.251200 ms CreateObjectMapping: 0.066300 ms MarkObjects: 2.046800 ms  DeleteObjects: 0.050800 ms)

========================================================================
Received Prepare
Refreshing native plugins compatible for Editor in 3.21 ms, found 0 plugins.
Preloading 0 native plugins for Editor in 0.00 ms.
Unloading 5 Unused Serialized files (Serialized files now loaded: 0)
System memory in use before: 42.4 MB.
System memory in use after: 42.5 MB.

Unloading 5 unused Assets to reduce memory usage. Loaded Objects now: 1978.
Total: 4.687000 ms (FindLiveObjects: 0.408000 ms CreateObjectMapping: 0.135500 ms MarkObjects: 4.043400 ms  DeleteObjects: 0.096800 ms)

========================================================================
Received Import Request.
  Time since last request: 72483.579940 seconds.
  path: Assets/script/import.mat
  artifactKey: Guid(f45435979b0827b42a7d57e2aa2e7266) Importer(815301076,1909f56bfc062723c751e8b465ee728b)
Start importing Assets/script/import.mat using Guid(f45435979b0827b42a7d57e2aa2e7266) Importer(815301076,1909f56bfc062723c751e8b465ee728b)  -> (artifact id: '7d06acbbead178627728d285bf803f66') in 0.059768 seconds
  Import took 0.062363 seconds .

========================================================================
Received Prepare
Registering precompiled user dll's ...
Registered in 0.000731 seconds.
Begin MonoManager ReloadAssembly
Native extension for WindowsStandalone target not found
Refreshing native plugins compatible for Editor in 0.45 ms, found 0 plugins.
Preloading 0 native plugins for Editor in 0.00 ms.
Invoked RoslynAnalysisRunner static constructor.
RoslynAnalysisRunner will not be running.
RoslynAnalysisRunner has terminated.
Mono: successfully reloaded assembly
- Completed reload, in  1.154 seconds
Platform modules already initialized, skipping
Switching build target platform(5) subTarget(0) extendedPlatform(0) -> platform(13) subTarget(524288) extendedPlatform(0)
Refreshing native plugins compatible for Editor in 0.38 ms, found 0 plugins.
Preloading 0 native plugins for Editor in 0.00 ms.
Unloading 1425 Unused Serialized files (Serialized files now loaded: 0)
System memory in use before: 70.8 MB.
System memory in use after: 70.9 MB.

Unloading 9 unused Assets to reduce memory usage. Loaded Objects now: 1981.
Total: 2.108700 ms (FindLiveObjects: 0.201400 ms CreateObjectMapping: 0.052600 ms MarkObjects: 1.794900 ms  DeleteObjects: 0.058800 ms)

AssetImportParameters requested are different than current active one (requested -> active):
  custom:graphics/normal-map-encoding: 01000000000000000000000000000000 -> 02000000000000000000000000000000
========================================================================
Received Prepare
Registering precompiled user dll's ...
Registered in 0.001150 seconds.
Begin MonoManager ReloadAssembly
Native extension for WindowsStandalone target not found
Refreshing native plugins compatible for Editor in 0.42 ms, found 0 plugins.
Preloading 0 native plugins for Editor in 0.00 ms.
Invoked RoslynAnalysisRunner static constructor.
RoslynAnalysisRunner will not be running.
RoslynAnalysisRunner has terminated.
Mono: successfully reloaded assembly
- Completed reload, in  1.103 seconds
Platform modules already initialized, skipping
Switching build target platform(5) subTarget(0) extendedPlatform(0) -> platform(13) subTarget(524288) extendedPlatform(0)
Refreshing native plugins compatible for Editor in 0.26 ms, found 0 plugins.
Preloading 0 native plugins for Editor in 0.00 ms.
Unloading 1548 Unused Serialized files (Serialized files now loaded: 0)
System memory in use before: 74.5 MB.
System memory in use after: 74.5 MB.

Unloading 15 unused Assets to reduce memory usage. Loaded Objects now: 2100.
Total: 1.908600 ms (FindLiveObjects: 0.177400 ms CreateObjectMapping: 0.050900 ms MarkObjects: 1.569600 ms  DeleteObjects: 0.109600 ms)

AssetImportParameters requested are different than current active one (requested -> active):
  custom:graphics/normal-map-encoding: 01000000000000000000000000000000 -> 02000000000000000000000000000000
========================================================================
Received Prepare
Registering precompiled user dll's ...
Registered in 0.001152 seconds.
Begin MonoManager ReloadAssembly
Native extension for WindowsStandalone target not found
Refreshing native plugins compatible for Editor in 0.40 ms, found 0 plugins.
Preloading 0 native plugins for Editor in 0.00 ms.
Invoked RoslynAnalysisRunner static constructor.
RoslynAnalysisRunner will not be running.
RoslynAnalysisRunner has terminated.
Mono: successfully reloaded assembly
- Completed reload, in  1.361 seconds
Platform modules already initialized, skipping
Switching build target platform(5) subTarget(0) extendedPlatform(0) -> platform(13) subTarget(524288) extendedPlatform(0)
Refreshing native plugins compatible for Editor in 0.60 ms, found 0 plugins.
Preloading 0 native plugins for Editor in 0.00 ms.
Unloading 1548 Unused Serialized files (Serialized files now loaded: 0)
System memory in use before: 74.6 MB.
System memory in use after: 74.5 MB.

Unloading 102 unused Assets to reduce memory usage. Loaded Objects now: 2016.
Total: 3.268800 ms (FindLiveObjects: 0.343400 ms CreateObjectMapping: 0.108100 ms MarkObjects: 2.583100 ms  DeleteObjects: 0.232600 ms)

AssetImportParameters requested are different than current active one (requested -> active):
  custom:graphics/normal-map-encoding: 01000000000000000000000000000000 -> 02000000000000000000000000000000
========================================================================
Received Import Request.
  Time since last request: 74.577195 seconds.
  path: Assets/Plugins/ARFoundationRemoteInstaller
  artifactKey: Guid(5e0ee9f4db58c0f44b7d89debfaa32cc) Importer(815301076,1909f56bfc062723c751e8b465ee728b)
Start importing Assets/Plugins/ARFoundationRemoteInstaller using Guid(5e0ee9f4db58c0f44b7d89debfaa32cc) Importer(815301076,1909f56bfc062723c751e8b465ee728b)  -> (artifact id: '20652835f68cd8b5e1a400e27d1c497a') in 0.006082 seconds
  Import took 0.008467 seconds .

========================================================================
Received Import Request.
  Time since last request: 0.003136 seconds.
  path: Assets/Plugins/ARFoundationRemoteInstaller
  artifactKey: Guid(5e0ee9f4db58c0f44b7d89debfaa32cc) Importer(815301076,1909f56bfc062723c751e8b465ee728b)
Start importing Assets/Plugins/ARFoundationRemoteInstaller using Guid(5e0ee9f4db58c0f44b7d89debfaa32cc) Importer(815301076,1909f56bfc062723c751e8b465ee728b)  -> (artifact id: '20652835f68cd8b5e1a400e27d1c497a') in 0.002936 seconds
  Import took 0.005242 seconds .

========================================================================
Received Import Request.
  Time since last request: 0.058308 seconds.
  path: Assets/Plugins/ARFoundationRemoteInstaller/Installer.asset
  artifactKey: Guid(2dbb184b6bc474aadb1f2d958aeb24d9) Importer(815301076,1909f56bfc062723c751e8b465ee728b)
Start importing Assets/Plugins/ARFoundationRemoteInstaller/Installer.asset using Guid(2dbb184b6bc474aadb1f2d958aeb24d9) Importer(815301076,1909f56bfc062723c751e8b465ee728b)  -> (artifact id: '8437a625f7e4f4d45ed228fdd24433cd') in 0.010443 seconds
  Import took 0.013065 seconds .

========================================================================
Received Import Request.
  Time since last request: 1.416841 seconds.
  path: Assets/Plugins/ARFoundationRemoteInstaller/Documentation.txt
  artifactKey: Guid(900e9b83e4aa7408786ec87a3a2ebf76) Importer(815301076,1909f56bfc062723c751e8b465ee728b)
Start importing Assets/Plugins/ARFoundationRemoteInstaller/Documentation.txt using Guid(900e9b83e4aa7408786ec87a3a2ebf76) Importer(815301076,1909f56bfc062723c751e8b465ee728b)  -> (artifact id: '46b85eb5e9472c63a6a7e586c1c6a14d') in 0.008083 seconds
  Import took 0.010740 seconds .

========================================================================
Received Import Request.
  Time since last request: 0.002366 seconds.
  path: Assets/Plugins/ARFoundationRemoteInstaller/Documentation.txt
  artifactKey: Guid(900e9b83e4aa7408786ec87a3a2ebf76) Importer(815301076,1909f56bfc062723c751e8b465ee728b)
Start importing Assets/Plugins/ARFoundationRemoteInstaller/Documentation.txt using Guid(900e9b83e4aa7408786ec87a3a2ebf76) Importer(815301076,1909f56bfc062723c751e8b465ee728b)  -> (artifact id: '46b85eb5e9472c63a6a7e586c1c6a14d') in 0.003189 seconds
  Import took 0.006144 seconds .

========================================================================
Received Prepare
Registering precompiled user dll's ...
Registered in 0.001468 seconds.
Begin MonoManager ReloadAssembly
Native extension for WindowsStandalone target not found
Refreshing native plugins compatible for Editor in 0.47 ms, found 0 plugins.
Preloading 0 native plugins for Editor in 0.00 ms.
Invoked RoslynAnalysisRunner static constructor.
RoslynAnalysisRunner will not be running.
RoslynAnalysisRunner has terminated.
Mono: successfully reloaded assembly
- Completed reload, in  2.606 seconds
Platform modules already initialized, skipping
Switching build target platform(5) subTarget(0) extendedPlatform(0) -> platform(13) subTarget(524288) extendedPlatform(0)
Refreshing native plugins compatible for Editor in 0.67 ms, found 0 plugins.
Preloading 0 native plugins for Editor in 0.00 ms.
Unloading 1549 Unused Serialized files (Serialized files now loaded: 0)
System memory in use before: 75.4 MB.
System memory in use after: 75.4 MB.

Unloading 32 unused Assets to reduce memory usage. Loaded Objects now: 2091.
Total: 2.031600 ms (FindLiveObjects: 0.201300 ms CreateObjectMapping: 0.064800 ms MarkObjects: 1.602500 ms  DeleteObjects: 0.162000 ms)

AssetImportParameters requested are different than current active one (requested -> active):
  custom:graphics/normal-map-encoding: 01000000000000000000000000000000 -> 02000000000000000000000000000000
========================================================================
Received Prepare
Registering precompiled user dll's ...
Registered in 0.000824 seconds.
Begin MonoManager ReloadAssembly
Native extension for WindowsStandalone target not found
Refreshing native plugins compatible for Editor in 0.46 ms, found 0 plugins.
Preloading 0 native plugins for Editor in 0.00 ms.
Invoked RoslynAnalysisRunner static constructor.
RoslynAnalysisRunner will not be running.
RoslynAnalysisRunner has terminated.
Mono: successfully reloaded assembly
- Completed reload, in  1.093 seconds
Platform modules already initialized, skipping
Switching build target platform(5) subTarget(0) extendedPlatform(0) -> platform(13) subTarget(524288) extendedPlatform(0)
Refreshing native plugins compatible for Editor in 0.77 ms, found 0 plugins.
Preloading 0 native plugins for Editor in 0.00 ms.
Unloading 1549 Unused Serialized files (Serialized files now loaded: 0)
System memory in use before: 75.5 MB.
System memory in use after: 75.5 MB.

Unloading 32 unused Assets to reduce memory usage. Loaded Objects now: 2095.
Total: 2.321800 ms (FindLiveObjects: 0.200000 ms CreateObjectMapping: 0.079700 ms MarkObjects: 1.854600 ms  DeleteObjects: 0.185300 ms)

AssetImportParameters requested are different than current active one (requested -> active):
  custom:graphics/normal-map-encoding: 01000000000000000000000000000000 -> 02000000000000000000000000000000
========================================================================
Received Prepare
Registering precompiled user dll's ...
Registered in 0.000954 seconds.
Begin MonoManager ReloadAssembly
Native extension for WindowsStandalone target not found
Refreshing native plugins compatible for Editor in 0.59 ms, found 0 plugins.
Preloading 0 native plugins for Editor in 0.00 ms.
Invoked RoslynAnalysisRunner static constructor.
RoslynAnalysisRunner will not be running.
RoslynAnalysisRunner has terminated.
Mono: successfully reloaded assembly
- Completed reload, in  1.340 seconds
Platform modules already initialized, skipping
Switching build target platform(5) subTarget(0) extendedPlatform(0) -> platform(13) subTarget(524288) extendedPlatform(0)
Refreshing native plugins compatible for Editor in 0.30 ms, found 0 plugins.
Preloading 0 native plugins for Editor in 0.00 ms.
Unloading 1549 Unused Serialized files (Serialized files now loaded: 0)
System memory in use before: 75.6 MB.
System memory in use after: 75.5 MB.

Unloading 32 unused Assets to reduce memory usage. Loaded Objects now: 2099.
Total: 2.423200 ms (FindLiveObjects: 0.239400 ms CreateObjectMapping: 0.061700 ms MarkObjects: 1.979600 ms  DeleteObjects: 0.141200 ms)

AssetImportParameters requested are different than current active one (requested -> active):
  custom:graphics/normal-map-encoding: 01000000000000000000000000000000 -> 02000000000000000000000000000000
========================================================================
Received Prepare
Registering precompiled user dll's ...
Registered in 0.000849 seconds.
Begin MonoManager ReloadAssembly
Native extension for WindowsStandalone target not found
Refreshing native plugins compatible for Editor in 0.27 ms, found 0 plugins.
Preloading 0 native plugins for Editor in 0.00 ms.
Invoked RoslynAnalysisRunner static constructor.
RoslynAnalysisRunner will not be running.
RoslynAnalysisRunner has terminated.
Mono: successfully reloaded assembly
- Completed reload, in  1.043 seconds
Platform modules already initialized, skipping
Switching build target platform(5) subTarget(0) extendedPlatform(0) -> platform(13) subTarget(524288) extendedPlatform(0)
Refreshing native plugins compatible for Editor in 0.39 ms, found 0 plugins.
Preloading 0 native plugins for Editor in 0.00 ms.
Unloading 1549 Unused Serialized files (Serialized files now loaded: 0)
System memory in use before: 75.6 MB.
System memory in use after: 75.6 MB.

Unloading 32 unused Assets to reduce memory usage. Loaded Objects now: 2103.
Total: 2.127200 ms (FindLiveObjects: 0.176300 ms CreateObjectMapping: 0.047500 ms MarkObjects: 1.773800 ms  DeleteObjects: 0.128800 ms)

AssetImportParameters requested are different than current active one (requested -> active):
  custom:graphics/normal-map-encoding: 01000000000000000000000000000000 -> 02000000000000000000000000000000
========================================================================
Received Prepare
Registering precompiled user dll's ...
Registered in 0.000696 seconds.
Begin MonoManager ReloadAssembly
Native extension for WindowsStandalone target not found
Refreshing native plugins compatible for Editor in 0.28 ms, found 0 plugins.
Preloading 0 native plugins for Editor in 0.00 ms.
Invoked RoslynAnalysisRunner static constructor.
RoslynAnalysisRunner will not be running.
RoslynAnalysisRunner has terminated.
Mono: successfully reloaded assembly
- Completed reload, in  0.805 seconds
Platform modules already initialized, skipping
Refreshing native plugins compatible for Editor in 0.28 ms, found 0 plugins.
Preloading 0 native plugins for Editor in 0.00 ms.
Unloading 1545 Unused Serialized files (Serialized files now loaded: 0)
System memory in use before: 75.8 MB.
System memory in use after: 75.7 MB.

Unloading 32 unused Assets to reduce memory usage. Loaded Objects now: 2107.
Total: 2.115900 ms (FindLiveObjects: 0.178100 ms CreateObjectMapping: 0.053800 ms MarkObjects: 1.762600 ms  DeleteObjects: 0.120500 ms)

========================================================================
Received Prepare
Refreshing native plugins compatible for Editor in 1.58 ms, found 0 plugins.
Preloading 0 native plugins for Editor in 0.00 ms.
Unloading 28 Unused Serialized files (Serialized files now loaded: 0)
System memory in use before: 45.6 MB.
System memory in use after: 45.6 MB.

Unloading 28 unused Assets to reduce memory usage. Loaded Objects now: 2107.
Total: 2.108600 ms (FindLiveObjects: 0.172600 ms CreateObjectMapping: 0.055500 ms MarkObjects: 1.757200 ms  DeleteObjects: 0.122400 ms)

========================================================================
Received Prepare
Registering precompiled user dll's ...
Registered in 0.000748 seconds.
Begin MonoManager ReloadAssembly
Native extension for WindowsStandalone target not found
Refreshing native plugins compatible for Editor in 0.27 ms, found 0 plugins.
Preloading 0 native plugins for Editor in 0.00 ms.
Invoked RoslynAnalysisRunner static constructor.
RoslynAnalysisRunner will not be running.
RoslynAnalysisRunner has terminated.
Mono: successfully reloaded assembly
- Completed reload, in  1.010 seconds
Platform modules already initialized, skipping
Switching build target platform(5) subTarget(0) extendedPlatform(0) -> platform(13) subTarget(524288) extendedPlatform(0)
Refreshing native plugins compatible for Editor in 0.27 ms, found 0 plugins.
Preloading 0 native plugins for Editor in 0.00 ms.
Unloading 1549 Unused Serialized files (Serialized files now loaded: 0)
System memory in use before: 76.0 MB.
System memory in use after: 75.9 MB.

Unloading 32 unused Assets to reduce memory usage. Loaded Objects now: 2111.
Total: 1.772600 ms (FindLiveObjects: 0.166400 ms CreateObjectMapping: 0.051700 ms MarkObjects: 1.429300 ms  DeleteObjects: 0.124500 ms)

AssetImportParameters requested are different than current active one (requested -> active):
  custom:graphics/normal-map-encoding: 01000000000000000000000000000000 -> 02000000000000000000000000000000
========================================================================
Received Prepare
Refreshing native plugins compatible for Editor in 1.67 ms, found 0 plugins.
Preloading 0 native plugins for Editor in 0.00 ms.
Unloading 28 Unused Serialized files (Serialized files now loaded: 0)
System memory in use before: 45.8 MB.
System memory in use after: 45.8 MB.

Unloading 28 unused Assets to reduce memory usage. Loaded Objects now: 2111.
Total: 2.049100 ms (FindLiveObjects: 0.317600 ms CreateObjectMapping: 0.075100 ms MarkObjects: 1.534000 ms  DeleteObjects: 0.121200 ms)

========================================================================
Received Import Request.
  Time since last request: 12183.827685 seconds.
  path: Assets/Plugins/ARFoundationRemoteInstaller/Resources
  artifactKey: Guid(cc80419add7364d85baabdce5a729dac) Importer(815301076,1909f56bfc062723c751e8b465ee728b)
Start importing Assets/Plugins/ARFoundationRemoteInstaller/Resources using Guid(cc80419add7364d85baabdce5a729dac) Importer(815301076,1909f56bfc062723c751e8b465ee728b)  -> (artifact id: '660c1ea95b3ba6afeb423ed9eaf6113d') in 0.004016 seconds
  Import took 0.006483 seconds .

========================================================================
Received Import Request.
  Time since last request: 0.069137 seconds.
  path: Assets/Plugins/ARFoundationRemoteInstaller/Resources/ObjectTrackingLibraries.asset
  artifactKey: Guid(4273647c05dd241929d9987709f02db0) Importer(815301076,1909f56bfc062723c751e8b465ee728b)
Start importing Assets/Plugins/ARFoundationRemoteInstaller/Resources/ObjectTrackingLibraries.asset using Guid(4273647c05dd241929d9987709f02db0) Importer(815301076,1909f56bfc062723c751e8b465ee728b)  -> (artifact id: '4cdce7443f3fb4c391248b98537aa01c') in 0.007997 seconds
  Import took 0.010302 seconds .

========================================================================
Received Import Request.
  Time since last request: 0.000293 seconds.
  path: Assets/Plugins/ARFoundationRemoteInstaller/Resources/Settings.asset
  artifactKey: Guid(d64a722fd147d4f188b2742c04f8b550) Importer(815301076,1909f56bfc062723c751e8b465ee728b)
Start importing Assets/Plugins/ARFoundationRemoteInstaller/Resources/Settings.asset using Guid(d64a722fd147d4f188b2742c04f8b550) Importer(815301076,1909f56bfc062723c751e8b465ee728b)  -> (artifact id: 'e6743f702741d7472d7c6fd271e0d552') in 0.004324 seconds
  Import took 0.006269 seconds .

========================================================================
Received Prepare
Registering precompiled user dll's ...
Registered in 0.000879 seconds.
Begin MonoManager ReloadAssembly
Native extension for WindowsStandalone target not found
Refreshing native plugins compatible for Editor in 0.46 ms, found 0 plugins.
Preloading 0 native plugins for Editor in 0.00 ms.
Invoked RoslynAnalysisRunner static constructor.
RoslynAnalysisRunner will not be running.
RoslynAnalysisRunner has terminated.
Mono: successfully reloaded assembly
- Completed reload, in  1.197 seconds
Platform modules already initialized, skipping
Switching build target platform(5) subTarget(0) extendedPlatform(0) -> platform(13) subTarget(524288) extendedPlatform(0)
Refreshing native plugins compatible for Editor in 0.43 ms, found 0 plugins.
Preloading 0 native plugins for Editor in 0.00 ms.
Unloading 1549 Unused Serialized files (Serialized files now loaded: 0)
System memory in use before: 76.2 MB.
System memory in use after: 76.1 MB.

Unloading 32 unused Assets to reduce memory usage. Loaded Objects now: 2115.
Total: 3.008300 ms (FindLiveObjects: 0.260400 ms CreateObjectMapping: 0.097300 ms MarkObjects: 2.435900 ms  DeleteObjects: 0.213200 ms)

AssetImportParameters requested are different than current active one (requested -> active):
  custom:graphics/normal-map-encoding: 01000000000000000000000000000000 -> 02000000000000000000000000000000
========================================================================
Received Import Request.
  Time since last request: 755.484925 seconds.
  path: Assets/Plugins/NativeGallery/NativeGallery.Runtime.asmdef
  artifactKey: Guid(6e5063adab271564ba0098a06a8cebda) Importer(815301076,1909f56bfc062723c751e8b465ee728b)
Start importing Assets/Plugins/NativeGallery/NativeGallery.Runtime.asmdef using Guid(6e5063adab271564ba0098a06a8cebda) Importer(815301076,1909f56bfc062723c751e8b465ee728b)  -> (artifact id: '6b83f416586bc4758d894b6083f77137') in 0.007947 seconds
  Import took 0.010880 seconds .

========================================================================
Received Import Request.
  Time since last request: 4.011377 seconds.
  path: Assets/script/importScript.cs
  artifactKey: Guid(52603811ae718fa4ab2cbe379bb21892) Importer(815301076,1909f56bfc062723c751e8b465ee728b)
Start importing Assets/script/importScript.cs using Guid(52603811ae718fa4ab2cbe379bb21892) Importer(815301076,1909f56bfc062723c751e8b465ee728b)  -> (artifact id: 'c2176e0c98b74ec8a4aa7feab2bf9c7a') in 0.002295 seconds
  Import took 0.004535 seconds .

========================================================================
Received Import Request.
  Time since last request: 0.003269 seconds.
  path: Assets/script/importScript.cs
  artifactKey: Guid(52603811ae718fa4ab2cbe379bb21892) Importer(815301076,1909f56bfc062723c751e8b465ee728b)
Start importing Assets/script/importScript.cs using Guid(52603811ae718fa4ab2cbe379bb21892) Importer(815301076,1909f56bfc062723c751e8b465ee728b)  -> (artifact id: 'c2176e0c98b74ec8a4aa7feab2bf9c7a') in 0.002151 seconds
  Import took 0.004292 seconds .

========================================================================
Received Prepare
Registering precompiled user dll's ...
Registered in 0.001061 seconds.
Begin MonoManager ReloadAssembly
Native extension for WindowsStandalone target not found
Refreshing native plugins compatible for Editor in 0.33 ms, found 0 plugins.
Preloading 0 native plugins for Editor in 0.00 ms.
Invoked RoslynAnalysisRunner static constructor.
RoslynAnalysisRunner will not be running.
RoslynAnalysisRunner has terminated.
Mono: successfully reloaded assembly
- Completed reload, in  1.396 seconds
Platform modules already initialized, skipping
Switching build target platform(5) subTarget(0) extendedPlatform(0) -> platform(13) subTarget(524288) extendedPlatform(0)
Refreshing native plugins compatible for Editor in 0.36 ms, found 0 plugins.
Preloading 0 native plugins for Editor in 0.00 ms.
Unloading 1549 Unused Serialized files (Serialized files now loaded: 0)
System memory in use before: 75.2 MB.
System memory in use after: 75.2 MB.

Unloading 32 unused Assets to reduce memory usage. Loaded Objects now: 2119.
Total: 3.806700 ms (FindLiveObjects: 0.563000 ms CreateObjectMapping: 0.196000 ms MarkObjects: 2.863600 ms  DeleteObjects: 0.180800 ms)

AssetImportParameters requested are different than current active one (requested -> active):
  custom:graphics/normal-map-encoding: 01000000000000000000000000000000 -> 02000000000000000000000000000000
========================================================================
Received Prepare
Registering precompiled user dll's ...
Registered in 0.001023 seconds.
Begin MonoManager ReloadAssembly
Native extension for WindowsStandalone target not found
Refreshing native plugins compatible for Editor in 0.30 ms, found 0 plugins.
Preloading 0 native plugins for Editor in 0.00 ms.
Invoked RoslynAnalysisRunner static constructor.
RoslynAnalysisRunner will not be running.
RoslynAnalysisRunner has terminated.
Mono: successfully reloaded assembly
- Completed reload, in  1.439 seconds
Platform modules already initialized, skipping
Switching build target platform(5) subTarget(0) extendedPlatform(0) -> platform(13) subTarget(524288) extendedPlatform(0)
Refreshing native plugins compatible for Editor in 0.27 ms, found 0 plugins.
Preloading 0 native plugins for Editor in 0.00 ms.
Unloading 1549 Unused Serialized files (Serialized files now loaded: 0)
System memory in use before: 75.3 MB.
System memory in use after: 75.3 MB.

Unloading 32 unused Assets to reduce memory usage. Loaded Objects now: 2123.
Total: 2.073800 ms (FindLiveObjects: 0.194200 ms CreateObjectMapping: 0.073900 ms MarkObjects: 1.673500 ms  DeleteObjects: 0.131100 ms)

AssetImportParameters requested are different than current active one (requested -> active):
  custom:graphics/normal-map-encoding: 01000000000000000000000000000000 -> 02000000000000000000000000000000
========================================================================
Received Prepare
Registering precompiled user dll's ...
Registered in 0.001404 seconds.
Begin MonoManager ReloadAssembly
Native extension for WindowsStandalone target not found
Refreshing native plugins compatible for Editor in 0.56 ms, found 0 plugins.
Preloading 0 native plugins for Editor in 0.00 ms.
Invoked RoslynAnalysisRunner static constructor.
RoslynAnalysisRunner will not be running.
RoslynAnalysisRunner has terminated.
Mono: successfully reloaded assembly
- Completed reload, in  2.231 seconds
Platform modules already initialized, skipping
Switching build target platform(5) subTarget(0) extendedPlatform(0) -> platform(13) subTarget(524288) extendedPlatform(0)
Refreshing native plugins compatible for Editor in 0.65 ms, found 0 plugins.
Preloading 0 native plugins for Editor in 0.00 ms.
Unloading 1549 Unused Serialized files (Serialized files now loaded: 0)
System memory in use before: 75.4 MB.
System memory in use after: 75.3 MB.

Unloading 32 unused Assets to reduce memory usage. Loaded Objects now: 2127.
Total: 3.683100 ms (FindLiveObjects: 0.253000 ms CreateObjectMapping: 0.153800 ms MarkObjects: 3.022700 ms  DeleteObjects: 0.251700 ms)

AssetImportParameters requested are different than current active one (requested -> active):
  custom:graphics/normal-map-encoding: 01000000000000000000000000000000 -> 02000000000000000000000000000000
========================================================================
Received Prepare
Registering precompiled user dll's ...
Registered in 0.000958 seconds.
Begin MonoManager ReloadAssembly
Native extension for WindowsStandalone target not found
Refreshing native plugins compatible for Editor in 0.69 ms, found 0 plugins.
Preloading 0 native plugins for Editor in 0.00 ms.
Invoked RoslynAnalysisRunner static constructor.
RoslynAnalysisRunner will not be running.
RoslynAnalysisRunner has terminated.
Mono: successfully reloaded assembly
- Completed reload, in  1.674 seconds
Platform modules already initialized, skipping
Switching build target platform(5) subTarget(0) extendedPlatform(0) -> platform(13) subTarget(524288) extendedPlatform(0)
Refreshing native plugins compatible for Editor in 0.27 ms, found 0 plugins.
Preloading 0 native plugins for Editor in 0.00 ms.
Unloading 1549 Unused Serialized files (Serialized files now loaded: 0)
System memory in use before: 75.4 MB.
System memory in use after: 75.4 MB.

Unloading 32 unused Assets to reduce memory usage. Loaded Objects now: 2131.
Total: 2.021100 ms (FindLiveObjects: 0.284800 ms CreateObjectMapping: 0.077700 ms MarkObjects: 1.538800 ms  DeleteObjects: 0.118700 ms)

AssetImportParameters requested are different than current active one (requested -> active):
  custom:graphics/normal-map-encoding: 01000000000000000000000000000000 -> 02000000000000000000000000000000
========================================================================
Received Prepare
Registering precompiled user dll's ...
Registered in 0.001480 seconds.
Begin MonoManager ReloadAssembly
Native extension for WindowsStandalone target not found
Refreshing native plugins compatible for Editor in 0.32 ms, found 0 plugins.
Preloading 0 native plugins for Editor in 0.00 ms.
Invoked RoslynAnalysisRunner static constructor.
RoslynAnalysisRunner will not be running.
RoslynAnalysisRunner has terminated.
Mono: successfully reloaded assembly
- Completed reload, in  1.647 seconds
Platform modules already initialized, skipping
Switching build target platform(5) subTarget(0) extendedPlatform(0) -> platform(13) subTarget(524288) extendedPlatform(0)
Refreshing native plugins compatible for Editor in 0.45 ms, found 0 plugins.
Preloading 0 native plugins for Editor in 0.00 ms.
Unloading 1549 Unused Serialized files (Serialized files now loaded: 0)
System memory in use before: 75.5 MB.
System memory in use after: 75.5 MB.

Unloading 32 unused Assets to reduce memory usage. Loaded Objects now: 2135.
Total: 2.088200 ms (FindLiveObjects: 0.192600 ms CreateObjectMapping: 0.074300 ms MarkObjects: 1.686900 ms  DeleteObjects: 0.133400 ms)

AssetImportParameters requested are different than current active one (requested -> active):
  custom:graphics/normal-map-encoding: 01000000000000000000000000000000 -> 02000000000000000000000000000000
========================================================================
Received Prepare
Registering precompiled user dll's ...
Registered in 0.000788 seconds.
Begin MonoManager ReloadAssembly
Native extension for WindowsStandalone target not found
Refreshing native plugins compatible for Editor in 0.27 ms, found 0 plugins.
Preloading 0 native plugins for Editor in 0.00 ms.
Invoked RoslynAnalysisRunner static constructor.
RoslynAnalysisRunner will not be running.
RoslynAnalysisRunner has terminated.
Mono: successfully reloaded assembly
- Completed reload, in  1.135 seconds
Platform modules already initialized, skipping
Switching build target platform(5) subTarget(0) extendedPlatform(0) -> platform(13) subTarget(524288) extendedPlatform(0)
Refreshing native plugins compatible for Editor in 0.45 ms, found 0 plugins.
Preloading 0 native plugins for Editor in 0.00 ms.
Unloading 1549 Unused Serialized files (Serialized files now loaded: 0)
System memory in use before: 75.6 MB.
System memory in use after: 75.5 MB.

Unloading 32 unused Assets to reduce memory usage. Loaded Objects now: 2139.
Total: 1.904800 ms (FindLiveObjects: 0.260800 ms CreateObjectMapping: 0.080700 ms MarkObjects: 1.436100 ms  DeleteObjects: 0.126100 ms)

AssetImportParameters requested are different than current active one (requested -> active):
  custom:graphics/normal-map-encoding: 01000000000000000000000000000000 -> 02000000000000000000000000000000
========================================================================
Received Prepare
Registering precompiled user dll's ...
Registered in 0.000941 seconds.
Begin MonoManager ReloadAssembly
Native extension for WindowsStandalone target not found
Refreshing native plugins compatible for Editor in 0.50 ms, found 0 plugins.
Preloading 0 native plugins for Editor in 0.00 ms.
Invoked RoslynAnalysisRunner static constructor.
RoslynAnalysisRunner will not be running.
RoslynAnalysisRunner has terminated.
Mono: successfully reloaded assembly
- Completed reload, in  1.390 seconds
Platform modules already initialized, skipping
Switching build target platform(5) subTarget(0) extendedPlatform(0) -> platform(13) subTarget(524288) extendedPlatform(0)
Refreshing native plugins compatible for Editor in 0.40 ms, found 0 plugins.
Preloading 0 native plugins for Editor in 0.00 ms.
Unloading 1549 Unused Serialized files (Serialized files now loaded: 0)
System memory in use before: 75.6 MB.
System memory in use after: 75.6 MB.

Unloading 32 unused Assets to reduce memory usage. Loaded Objects now: 2143.
Total: 2.987100 ms (FindLiveObjects: 0.292500 ms CreateObjectMapping: 0.144000 ms MarkObjects: 2.370800 ms  DeleteObjects: 0.178300 ms)

AssetImportParameters requested are different than current active one (requested -> active):
  custom:graphics/normal-map-encoding: 01000000000000000000000000000000 -> 02000000000000000000000000000000
========================================================================
Received Prepare
Registering precompiled user dll's ...
Registered in 0.000772 seconds.
Begin MonoManager ReloadAssembly
Native extension for WindowsStandalone target not found
Refreshing native plugins compatible for Editor in 0.36 ms, found 0 plugins.
Preloading 0 native plugins for Editor in 0.00 ms.
Invoked RoslynAnalysisRunner static constructor.
RoslynAnalysisRunner will not be running.
RoslynAnalysisRunner has terminated.
Mono: successfully reloaded assembly
- Completed reload, in  1.124 seconds
Platform modules already initialized, skipping
Switching build target platform(5) subTarget(0) extendedPlatform(0) -> platform(13) subTarget(524288) extendedPlatform(0)
Refreshing native plugins compatible for Editor in 0.79 ms, found 0 plugins.
Preloading 0 native plugins for Editor in 0.00 ms.
Unloading 1556 Unused Serialized files (Serialized files now loaded: 0)
System memory in use before: 75.9 MB.
System memory in use after: 75.9 MB.

Unloading 32 unused Assets to reduce memory usage. Loaded Objects now: 2154.
Total: 3.136700 ms (FindLiveObjects: 0.496800 ms CreateObjectMapping: 0.099400 ms MarkObjects: 2.338600 ms  DeleteObjects: 0.199400 ms)

AssetImportParameters requested are different than current active one (requested -> active):
  custom:graphics/normal-map-encoding: 01000000000000000000000000000000 -> 02000000000000000000000000000000
========================================================================
Received Prepare
Registering precompiled user dll's ...
Registered in 0.001050 seconds.
Begin MonoManager ReloadAssembly
Native extension for WindowsStandalone target not found
Refreshing native plugins compatible for Editor in 0.27 ms, found 0 plugins.
Preloading 0 native plugins for Editor in 0.00 ms.
Invoked RoslynAnalysisRunner static constructor.
RoslynAnalysisRunner will not be running.
RoslynAnalysisRunner has terminated.
Mono: successfully reloaded assembly
- Completed reload, in  1.461 seconds
Platform modules already initialized, skipping
Switching build target platform(5) subTarget(0) extendedPlatform(0) -> platform(13) subTarget(524288) extendedPlatform(0)
Refreshing native plugins compatible for Editor in 0.40 ms, found 0 plugins.
Preloading 0 native plugins for Editor in 0.00 ms.
Unloading 1556 Unused Serialized files (Serialized files now loaded: 0)
System memory in use before: 76.0 MB.
System memory in use after: 76.0 MB.

Unloading 32 unused Assets to reduce memory usage. Loaded Objects now: 2158.
Total: 5.653600 ms (FindLiveObjects: 0.610200 ms CreateObjectMapping: 0.179100 ms MarkObjects: 4.495800 ms  DeleteObjects: 0.364900 ms)

AssetImportParameters requested are different than current active one (requested -> active):
  custom:graphics/normal-map-encoding: 01000000000000000000000000000000 -> 02000000000000000000000000000000
========================================================================
Received Prepare
Refreshing native plugins compatible for Editor in 1.40 ms, found 0 plugins.
Preloading 0 native plugins for Editor in 0.00 ms.
Unloading 28 Unused Serialized files (Serialized files now loaded: 0)
System memory in use before: 45.7 MB.
System memory in use after: 45.6 MB.

Unloading 27 unused Assets to reduce memory usage. Loaded Objects now: 2159.
Total: 2.139700 ms (FindLiveObjects: 0.164300 ms CreateObjectMapping: 0.079100 ms MarkObjects: 1.774900 ms  DeleteObjects: 0.120800 ms)

========================================================================
Received Prepare
Registering precompiled user dll's ...
Registered in 0.000735 seconds.
Begin MonoManager ReloadAssembly
Native extension for WindowsStandalone target not found
Refreshing native plugins compatible for Editor in 0.92 ms, found 0 plugins.
Preloading 0 native plugins for Editor in 0.00 ms.
Invoked RoslynAnalysisRunner static constructor.
RoslynAnalysisRunner will not be running.
RoslynAnalysisRunner has terminated.
Mono: successfully reloaded assembly
- Completed reload, in  1.300 seconds
Platform modules already initialized, skipping
Switching build target platform(5) subTarget(0) extendedPlatform(0) -> platform(13) subTarget(524288) extendedPlatform(0)
Refreshing native plugins compatible for Editor in 0.27 ms, found 0 plugins.
Preloading 0 native plugins for Editor in 0.00 ms.
Unloading 1555 Unused Serialized files (Serialized files now loaded: 0)
System memory in use before: 76.1 MB.
System memory in use after: 76.1 MB.

Unloading 31 unused Assets to reduce memory usage. Loaded Objects now: 2163.
Total: 1.915000 ms (FindLiveObjects: 0.174100 ms CreateObjectMapping: 0.047100 ms MarkObjects: 1.577500 ms  DeleteObjects: 0.115700 ms)

AssetImportParameters requested are different than current active one (requested -> active):
  custom:graphics/normal-map-encoding: 01000000000000000000000000000000 -> 02000000000000000000000000000000
========================================================================
Received Import Request.
  Time since last request: 2770.010576 seconds.
  path: Assets/script/importScript.cs
  artifactKey: Guid(52603811ae718fa4ab2cbe379bb21892) Importer(815301076,1909f56bfc062723c751e8b465ee728b)
Start importing Assets/script/importScript.cs using Guid(52603811ae718fa4ab2cbe379bb21892) Importer(815301076,1909f56bfc062723c751e8b465ee728b)  -> (artifact id: 'ea1d0b5a00ded5fa18a822ea8e065d80') in 0.004226 seconds
  Import took 0.006348 seconds .

========================================================================
Received Prepare
Registering precompiled user dll's ...
Registered in 0.000727 seconds.
Begin MonoManager ReloadAssembly
Native extension for WindowsStandalone target not found
Refreshing native plugins compatible for Editor in 0.27 ms, found 0 plugins.
Preloading 0 native plugins for Editor in 0.00 ms.
Invoked RoslynAnalysisRunner static constructor.
RoslynAnalysisRunner will not be running.
RoslynAnalysisRunner has terminated.
Mono: successfully reloaded assembly
- Completed reload, in  1.140 seconds
Platform modules already initialized, skipping
Switching build target platform(5) subTarget(0) extendedPlatform(0) -> platform(13) subTarget(524288) extendedPlatform(0)
Refreshing native plugins compatible for Editor in 0.27 ms, found 0 plugins.
Preloading 0 native plugins for Editor in 0.00 ms.
Unloading 1555 Unused Serialized files (Serialized files now loaded: 0)
System memory in use before: 76.2 MB.
System memory in use after: 76.1 MB.

Unloading 31 unused Assets to reduce memory usage. Loaded Objects now: 2167.
Total: 2.210600 ms (FindLiveObjects: 0.241800 ms CreateObjectMapping: 0.071000 ms MarkObjects: 1.776600 ms  DeleteObjects: 0.120000 ms)

AssetImportParameters requested are different than current active one (requested -> active):
  custom:graphics/normal-map-encoding: 01000000000000000000000000000000 -> 02000000000000000000000000000000
========================================================================
Received Prepare
Registering precompiled user dll's ...
Registered in 0.000804 seconds.
Begin MonoManager ReloadAssembly
Native extension for WindowsStandalone target not found
Refreshing native plugins compatible for Editor in 0.33 ms, found 0 plugins.
Preloading 0 native plugins for Editor in 0.00 ms.
Invoked RoslynAnalysisRunner static constructor.
RoslynAnalysisRunner will not be running.
RoslynAnalysisRunner has terminated.
Mono: successfully reloaded assembly
- Completed reload, in  1.436 seconds
Platform modules already initialized, skipping
Switching build target platform(5) subTarget(0) extendedPlatform(0) -> platform(13) subTarget(524288) extendedPlatform(0)
Refreshing native plugins compatible for Editor in 0.56 ms, found 0 plugins.
Preloading 0 native plugins for Editor in 0.00 ms.
Unloading 1555 Unused Serialized files (Serialized files now loaded: 0)
System memory in use before: 76.2 MB.
System memory in use after: 76.2 MB.

Unloading 31 unused Assets to reduce memory usage. Loaded Objects now: 2171.
Total: 2.825100 ms (FindLiveObjects: 0.307800 ms CreateObjectMapping: 0.114600 ms MarkObjects: 2.225000 ms  DeleteObjects: 0.176000 ms)

AssetImportParameters requested are different than current active one (requested -> active):
  custom:graphics/normal-map-encoding: 01000000000000000000000000000000 -> 02000000000000000000000000000000
========================================================================
Received Import Request.
  Time since last request: 176.287600 seconds.
  path: Assets/MT Assets/Ingame Logs Viewer/Sprites/HeapIcon.png
  artifactKey: Guid(f062ca0e7d3cbc343ae960afcc55f09f) Importer(815301076,1909f56bfc062723c751e8b465ee728b)
Start importing Assets/MT Assets/Ingame Logs Viewer/Sprites/HeapIcon.png using Guid(f062ca0e7d3cbc343ae960afcc55f09f) Importer(815301076,1909f56bfc062723c751e8b465ee728b)  -> (artifact id: 'efa5120553de2e05840f79abfb0ea0b0') in 0.052742 seconds
  Import took 0.055365 seconds .

========================================================================
Received Import Request.
  Time since last request: 0.000396 seconds.
  path: Assets/XR/XRGeneralSettings.asset
  artifactKey: Guid(872eef1b9f00d154bbcc71d29a97b9b1) Importer(815301076,1909f56bfc062723c751e8b465ee728b)
Start importing Assets/XR/XRGeneralSettings.asset using Guid(872eef1b9f00d154bbcc71d29a97b9b1) Importer(815301076,1909f56bfc062723c751e8b465ee728b)  -> (artifact id: 'd9339ad21f7871230beff4f772ff5dc8') in 0.013845 seconds
  Import took 0.016769 seconds .

========================================================================
Received Import Request.
  Time since last request: 0.000272 seconds.
  path: Assets/MT Assets/Ingame Logs Viewer/DemoSceneFiles/Scene/LightingData.asset
  artifactKey: Guid(ecf0f52e7178ae844b70db26aebe3273) Importer(815301076,1909f56bfc062723c751e8b465ee728b)
Start importing Assets/MT Assets/Ingame Logs Viewer/DemoSceneFiles/Scene/LightingData.asset using Guid(ecf0f52e7178ae844b70db26aebe3273) Importer(815301076,1909f56bfc062723c751e8b465ee728b)  -> (artifact id: 'c5dde76a2543c645a6547f4f757ff269') in 0.004361 seconds
  Import took 0.006874 seconds .

========================================================================
Received Import Request.
  Time since last request: 0.000292 seconds.
  path: Assets/MT Assets/Ingame Logs Viewer/Scripts/IngameLogsViewerIcon.png
  artifactKey: Guid(5c7952a3ffd1e0c42beb932c966d7bee) Importer(815301076,1909f56bfc062723c751e8b465ee728b)
Start importing Assets/MT Assets/Ingame Logs Viewer/Scripts/IngameLogsViewerIcon.png using Guid(5c7952a3ffd1e0c42beb932c966d7bee) Importer(815301076,1909f56bfc062723c751e8b465ee728b)  -> (artifact id: '2017808e9f61afc37a7491703e599a03') in 0.017003 seconds
  Import took 0.019396 seconds .

========================================================================
Received Import Request.
  Time since last request: 0.000315 seconds.
  path: Assets/MT Assets/Ingame Logs Viewer/Editor/Prefabs/ILV Debugger.prefab
  artifactKey: Guid(1939e9a35b914bb4482732fd0402df74) Importer(815301076,1909f56bfc062723c751e8b465ee728b)
Start importing Assets/MT Assets/Ingame Logs Viewer/Editor/Prefabs/ILV Debugger.prefab using Guid(1939e9a35b914bb4482732fd0402df74) Importer(815301076,1909f56bfc062723c751e8b465ee728b)  -> (artifact id: '2534a713c58428ffcb3d7ccab35df939') in 0.175237 seconds
  Import took 0.189693 seconds .

========================================================================
Received Import Request.
  Time since last request: 0.000253 seconds.
  path: Assets/MT Assets/Ingame Logs Viewer/Editor/Images/Icon.png
  artifactKey: Guid(6f9ba9077795f884f8123591aee45d24) Importer(815301076,1909f56bfc062723c751e8b465ee728b)
Start importing Assets/MT Assets/Ingame Logs Viewer/Editor/Images/Icon.png using Guid(6f9ba9077795f884f8123591aee45d24) Importer(815301076,1909f56bfc062723c751e8b465ee728b)  -> (artifact id: '7b67082821ed4e520ecfeba20ec926f8') in 0.010266 seconds
  Import took 0.013180 seconds .

========================================================================
Received Import Request.
  Time since last request: 0.000275 seconds.
  path: Assets/MT Assets/_AssetsData/Preferences/IngameLogsViewer.asset
  artifactKey: Guid(df9f2a1ac71eef34bac2cabcd4dddde7) Importer(815301076,1909f56bfc062723c751e8b465ee728b)
Start importing Assets/MT Assets/_AssetsData/Preferences/IngameLogsViewer.asset using Guid(df9f2a1ac71eef34bac2cabcd4dddde7) Importer(815301076,1909f56bfc062723c751e8b465ee728b)  -> (artifact id: '16c25bebe423a154838d6522037832f0') in 0.004118 seconds
  Import took 0.007213 seconds .

========================================================================
Received Import Request.
  Time since last request: 0.000401 seconds.
  path: Assets/MT Assets/Ingame Logs Viewer/Editor/Images/Icon.png
  artifactKey: Guid(6f9ba9077795f884f8123591aee45d24) Importer(815301076,1909f56bfc062723c751e8b465ee728b)
Start importing Assets/MT Assets/Ingame Logs Viewer/Editor/Images/Icon.png using Guid(6f9ba9077795f884f8123591aee45d24) Importer(815301076,1909f56bfc062723c751e8b465ee728b)  -> (artifact id: '7b67082821ed4e520ecfeba20ec926f8') in 0.008102 seconds
  Import took 0.010539 seconds .

========================================================================
Received Import Request.
  Time since last request: 0.000293 seconds.
  path: Assets/MT Assets/Ingame Logs Viewer/Sprites/LogIcon.png
  artifactKey: Guid(e876b803a4dd5c5488078071d15aa9c0) Importer(815301076,1909f56bfc062723c751e8b465ee728b)
Start importing Assets/MT Assets/Ingame Logs Viewer/Sprites/LogIcon.png using Guid(e876b803a4dd5c5488078071d15aa9c0) Importer(815301076,1909f56bfc062723c751e8b465ee728b)  -> (artifact id: 'bd682a0a2788d2e668980c81322b51e5') in 0.020577 seconds
  Import took 0.023403 seconds .

========================================================================
Received Import Request.
  Time since last request: 0.000292 seconds.
  path: Assets/MT Assets/_AssetsData/Preferences/IngameLogsViewer.asset
  artifactKey: Guid(df9f2a1ac71eef34bac2cabcd4dddde7) Importer(815301076,1909f56bfc062723c751e8b465ee728b)
Start importing Assets/MT Assets/_AssetsData/Preferences/IngameLogsViewer.asset using Guid(df9f2a1ac71eef34bac2cabcd4dddde7) Importer(815301076,1909f56bfc062723c751e8b465ee728b)  -> (artifact id: '16c25bebe423a154838d6522037832f0') in 0.003109 seconds
  Import took 0.005431 seconds .

========================================================================
Received Import Request.
  Time since last request: 39.614150 seconds.
  path: Packages/com.unity.xr.arfoundation/package.json
  artifactKey: Guid(08e6a1d1bc87fb6408c3e916a260691b) Importer(815301076,1909f56bfc062723c751e8b465ee728b)
Start importing Packages/com.unity.xr.arfoundation/package.json using Guid(08e6a1d1bc87fb6408c3e916a260691b) Importer(815301076,1909f56bfc062723c751e8b465ee728b)  -> (artifact id: 'ded99cfb1c3f766b8cd71936f6fe652a') in 0.011374 seconds
  Import took 0.013873 seconds .

========================================================================
Received Prepare
Refreshing native plugins compatible for Editor in 1.51 ms, found 0 plugins.
Preloading 0 native plugins for Editor in 0.00 ms.
Unloading 27 Unused Serialized files (Serialized files now loaded: 0)
System memory in use before: 49.0 MB.
System memory in use after: 49.0 MB.

Unloading 30 unused Assets to reduce memory usage. Loaded Objects now: 2177.
Total: 2.564800 ms (FindLiveObjects: 0.175200 ms CreateObjectMapping: 0.050800 ms MarkObjects: 2.211600 ms  DeleteObjects: 0.126300 ms)

========================================================================
Received Prepare
Registering precompiled user dll's ...
Registered in 0.000784 seconds.
Begin MonoManager ReloadAssembly
Native extension for WindowsStandalone target not found
Refreshing native plugins compatible for Editor in 0.30 ms, found 0 plugins.
Preloading 0 native plugins for Editor in 0.00 ms.
Invoked RoslynAnalysisRunner static constructor.
RoslynAnalysisRunner will not be running.
RoslynAnalysisRunner has terminated.
Mono: successfully reloaded assembly
- Completed reload, in  1.420 seconds
Platform modules already initialized, skipping
Switching build target platform(5) subTarget(0) extendedPlatform(0) -> platform(13) subTarget(524288) extendedPlatform(0)
Refreshing native plugins compatible for Editor in 0.27 ms, found 0 plugins.
Preloading 0 native plugins for Editor in 0.00 ms.
Unloading 1556 Unused Serialized files (Serialized files now loaded: 0)
System memory in use before: 78.6 MB.
System memory in use after: 78.6 MB.

Unloading 31 unused Assets to reduce memory usage. Loaded Objects now: 2182.
Total: 1.955900 ms (FindLiveObjects: 0.187500 ms CreateObjectMapping: 0.057700 ms MarkObjects: 1.586100 ms  DeleteObjects: 0.123400 ms)

AssetImportParameters requested are different than current active one (requested -> active):
  custom:graphics/normal-map-encoding: 01000000000000000000000000000000 -> 02000000000000000000000000000000
========================================================================
Received Import Request.
  Time since last request: 794.629705 seconds.
  path: Assets/script/objectImport.cs
  artifactKey: Guid(0a16320f1040c7f448160946ee10faf2) Importer(815301076,1909f56bfc062723c751e8b465ee728b)
Start importing Assets/script/objectImport.cs using Guid(0a16320f1040c7f448160946ee10faf2) Importer(815301076,1909f56bfc062723c751e8b465ee728b)  -> (artifact id: 'abe81a30c3c63044410a18aaa41d4fca') in 0.004702 seconds
  Import took 0.006996 seconds .

